#
# A fatal error has been detected by the Java Runtime Environment:
#
#  Internal Error (javaClasses.cpp:129), pid=5094, tid=139842127439616
#  fatal error: Invalid layout of preloaded class
#
# JRE version: 6.0_32-b32
# Java VM: OpenJDK 64-Bit Server VM (23.25-b01 mixed mode linux-amd64 compressed oops)
# Failed to write core dump. Core dumps have been disabled. To enable core dumping, try "ulimit -c unlimited" before starting Java again
#
# If you would like to submit a bug report, please include
# instructions how to reproduce the bug and visit:
#   http://icedtea.classpath.org/bugzilla
#

---------------  T H R E A D  ---------------

Current thread (0x0000000001aef800):  JavaThread "Unknown thread" [_thread_in_vm, id=5099, stack(0x00007f2f8844a000,0x00007f2f8854b000)]

Stack: [0x00007f2f8844a000,0x00007f2f8854b000],  sp=0x00007f2f88549a00,  free space=1022k
Native frames: (J=compiled Java code, j=interpreted, Vv=VM code, C=native code)
V  [libjvm.so+0x84ddeb]  VMError::report_and_die()+0x16b
V  [libjvm.so+0x3ebe37]  report_fatal(char const*, int, char const*)+0x57
V  [libjvm.so+0x527ada]  compute_offset(int&, klassOopDesc*, Symbol*, Symbol*, bool) [clone .constprop.123]+0x11a
V  [libjvm.so+0x527d46]  java_lang_String::compute_offsets()+0x36
V  [libjvm.so+0x7db74d]  SystemDictionary::initialize_preloaded_classes(Thread*)+0x3d
V  [libjvm.so+0x827748]  Universe::genesis(Thread*)+0x468
V  [libjvm.so+0x827bff]  universe2_init()+0x1f
V  [libjvm.so+0x4dcb6a]  init_globals()+0x9a
V  [libjvm.so+0x80ba1c]  Threads::create_vm(JavaVMInitArgs*, bool*)+0x39c
V  [libjvm.so+0x544478]  JNI_CreateJavaVM+0x58
C  [java+0x351d]  JavaMain+0x7d


---------------  P R O C E S S  ---------------

Java Threads: ( => current thread )

Other Threads:

=>0x0000000001aef800 (exited) JavaThread "Unknown thread" [_thread_in_vm, id=5099, stack(0x00007f2f8844a000,0x00007f2f8854b000)]

VM state:not at safepoint (not fully initialized)

VM Mutex/Monitor currently owned by a thread: None

GC Heap History (0 events):
No events

Deoptimization events (0 events):
No events

Internal exceptions (0 events):
No events

Events (10 events):
Event: 0.010 loading class 0x0000000001b115b0 done
Event: 0.011 loading class 0x0000000001b10e50 done
Event: 0.011 loading class 0x0000000001b10e20
Event: 0.011 loading class 0x0000000001b594b0
Event: 0.011 loading class 0x0000000001b594b0 done
Event: 0.011 loading class 0x0000000001b594f0
Event: 0.011 loading class 0x0000000001b594f0 done
Event: 0.011 loading class 0x0000000001b59530
Event: 0.011 loading class 0x0000000001b59530 done
Event: 0.011 loading class 0x0000000001b10e20 done


Dynamic libraries:
00400000-00409000 r-xp 00000000 08:03 1703749                            /usr/lib/jvm/java-6-openjdk-amd64/jre/bin/java
00608000-00609000 rw-p 00008000 08:03 1703749                            /usr/lib/jvm/java-6-openjdk-amd64/jre/bin/java
01ae3000-01b69000 rw-p 00000000 00:00 0                                  [heap]
80c00000-820c0000 rw-p 00000000 00:00 0 
820c0000-8b200000 rw-p 00000000 00:00 0 
8b200000-8fff0000 rw-p 00000000 00:00 0 
8fff0000-d90b0000 rw-p 00000000 00:00 0 
d90b0000-db7a0000 rw-p 00000000 00:00 0 
db7a0000-100000000 rw-p 00000000 00:00 0 
7f2f7c54b000-7f2f7c758000 rw-p 00000000 00:00 0 
7f2f7c758000-7f2f7c830000 r--s 0137c000 08:09 967669                     /mnt/soft/wolodija/adt-bundle-linux-x86_64-20140702/sdk/platforms/android-20/android.jar
7f2f7c830000-7f2f817e0000 rw-p 00000000 00:00 0 
7f2f817e0000-7f2f817e1000 ---p 00000000 00:00 0 
7f2f817e1000-7f2f818e1000 rw-p 00000000 00:00 0 
7f2f818e1000-7f2f818e2000 ---p 00000000 00:00 0 
7f2f818e2000-7f2f819e2000 rw-p 00000000 00:00 0 
7f2f819e2000-7f2f819e3000 ---p 00000000 00:00 0 
7f2f819e3000-7f2f81ae3000 rw-p 00000000 00:00 0 
7f2f81ae3000-7f2f81ae4000 ---p 00000000 00:00 0 
7f2f81ae4000-7f2f81bef000 rw-p 00000000 00:00 0 
7f2f81bef000-7f2f81c37000 rw-p 00000000 00:00 0 
7f2f81c37000-7f2f81c5e000 rw-p 00000000 00:00 0 
7f2f81c5e000-7f2f81ea7000 rw-p 00000000 00:00 0 
7f2f81ea7000-7f2f81eb2000 rw-p 00000000 00:00 0 
7f2f81eb2000-7f2f81efa000 rw-p 00000000 00:00 0 
7f2f81efa000-7f2f81f21000 rw-p 00000000 00:00 0 
7f2f81f21000-7f2f82169000 rw-p 00000000 00:00 0 
7f2f82169000-7f2f8217d000 rw-p 00000000 00:00 0 
7f2f8217d000-7f2f822a1000 rw-p 00000000 00:00 0 
7f2f822a1000-7f2f822a2000 rw-p 00000000 00:00 0 
7f2f822a2000-7f2f82512000 rwxp 00000000 00:00 0 
7f2f82512000-7f2f852a2000 rw-p 00000000 00:00 0 
7f2f852a2000-7f2f852a9000 r-xp 00000000 08:03 1703717                    /usr/lib/jvm/java-6-openjdk-amd64/jre/lib/amd64/libzip.so
7f2f852a9000-7f2f854a8000 ---p 00007000 08:03 1703717                    /usr/lib/jvm/java-6-openjdk-amd64/jre/lib/amd64/libzip.so
7f2f854a8000-7f2f854a9000 rw-p 00006000 08:03 1703717                    /usr/lib/jvm/java-6-openjdk-amd64/jre/lib/amd64/libzip.so
7f2f854a9000-7f2f854b4000 r-xp 00000000 08:03 1319015                    /lib/x86_64-linux-gnu/libnss_files-2.13.so
7f2f854b4000-7f2f856b3000 ---p 0000b000 08:03 1319015                    /lib/x86_64-linux-gnu/libnss_files-2.13.so
7f2f856b3000-7f2f856b4000 r--p 0000a000 08:03 1319015                    /lib/x86_64-linux-gnu/libnss_files-2.13.so
7f2f856b4000-7f2f856b5000 rw-p 0000b000 08:03 1319015                    /lib/x86_64-linux-gnu/libnss_files-2.13.so
7f2f856b5000-7f2f856bf000 r-xp 00000000 08:03 1319017                    /lib/x86_64-linux-gnu/libnss_nis-2.13.so
7f2f856bf000-7f2f858be000 ---p 0000a000 08:03 1319017                    /lib/x86_64-linux-gnu/libnss_nis-2.13.so
7f2f858be000-7f2f858bf000 r--p 00009000 08:03 1319017                    /lib/x86_64-linux-gnu/libnss_nis-2.13.so
7f2f858bf000-7f2f858c0000 rw-p 0000a000 08:03 1319017                    /lib/x86_64-linux-gnu/libnss_nis-2.13.so
7f2f858c0000-7f2f858c7000 r-xp 00000000 08:03 1319013                    /lib/x86_64-linux-gnu/libnss_compat-2.13.so
7f2f858c7000-7f2f85ac6000 ---p 00007000 08:03 1319013                    /lib/x86_64-linux-gnu/libnss_compat-2.13.so
7f2f85ac6000-7f2f85ac7000 r--p 00006000 08:03 1319013                    /lib/x86_64-linux-gnu/libnss_compat-2.13.so
7f2f85ac7000-7f2f85ac8000 rw-p 00007000 08:03 1319013                    /lib/x86_64-linux-gnu/libnss_compat-2.13.so
7f2f85ac8000-7f2f85add000 r-xp 00000000 08:03 1319012                    /lib/x86_64-linux-gnu/libnsl-2.13.so
7f2f85add000-7f2f85cdc000 ---p 00015000 08:03 1319012                    /lib/x86_64-linux-gnu/libnsl-2.13.so
7f2f85cdc000-7f2f85cdd000 r--p 00014000 08:03 1319012                    /lib/x86_64-linux-gnu/libnsl-2.13.so
7f2f85cdd000-7f2f85cde000 rw-p 00015000 08:03 1319012                    /lib/x86_64-linux-gnu/libnsl-2.13.so
7f2f85cde000-7f2f85ce0000 rw-p 00000000 00:00 0 
7f2f85ce0000-7f2f85d0e000 r-xp 00000000 08:03 1703733                    /usr/lib/jvm/java-6-openjdk-amd64/jre/lib/amd64/libjava.so
7f2f85d0e000-7f2f85f0d000 ---p 0002e000 08:03 1703733                    /usr/lib/jvm/java-6-openjdk-amd64/jre/lib/amd64/libjava.so
7f2f85f0d000-7f2f85f11000 rw-p 0002d000 08:03 1703733                    /usr/lib/jvm/java-6-openjdk-amd64/jre/lib/amd64/libjava.so
7f2f85f11000-7f2f85f20000 r-xp 00000000 08:03 1703738                    /usr/lib/jvm/java-6-openjdk-amd64/jre/lib/amd64/libverify.so
7f2f85f20000-7f2f8611f000 ---p 0000f000 08:03 1703738                    /usr/lib/jvm/java-6-openjdk-amd64/jre/lib/amd64/libverify.so
7f2f8611f000-7f2f86121000 rw-p 0000e000 08:03 1703738                    /usr/lib/jvm/java-6-openjdk-amd64/jre/lib/amd64/libverify.so
7f2f86121000-7f2f86128000 r-xp 00000000 08:03 1319025                    /lib/x86_64-linux-gnu/librt-2.13.so
7f2f86128000-7f2f86327000 ---p 00007000 08:03 1319025                    /lib/x86_64-linux-gnu/librt-2.13.so
7f2f86327000-7f2f86328000 r--p 00006000 08:03 1319025                    /lib/x86_64-linux-gnu/librt-2.13.so
7f2f86328000-7f2f86329000 rw-p 00007000 08:03 1319025                    /lib/x86_64-linux-gnu/librt-2.13.so
7f2f86329000-7f2f8633e000 r-xp 00000000 08:03 1308179                    /lib/x86_64-linux-gnu/libgcc_s.so.1
7f2f8633e000-7f2f8653e000 ---p 00015000 08:03 1308179                    /lib/x86_64-linux-gnu/libgcc_s.so.1
7f2f8653e000-7f2f8653f000 rw-p 00015000 08:03 1308179                    /lib/x86_64-linux-gnu/libgcc_s.so.1
7f2f8653f000-7f2f865c0000 r-xp 00000000 08:03 1319010                    /lib/x86_64-linux-gnu/libm-2.13.so
7f2f865c0000-7f2f867bf000 ---p 00081000 08:03 1319010                    /lib/x86_64-linux-gnu/libm-2.13.so
7f2f867bf000-7f2f867c0000 r--p 00080000 08:03 1319010                    /lib/x86_64-linux-gnu/libm-2.13.so
7f2f867c0000-7f2f867c1000 rw-p 00081000 08:03 1319010                    /lib/x86_64-linux-gnu/libm-2.13.so
7f2f867c1000-7f2f868a9000 r-xp 00000000 08:03 1181312                    /usr/lib/x86_64-linux-gnu/libstdc++.so.6.0.17
7f2f868a9000-7f2f86aa9000 ---p 000e8000 08:03 1181312                    /usr/lib/x86_64-linux-gnu/libstdc++.so.6.0.17
7f2f86aa9000-7f2f86ab1000 r--p 000e8000 08:03 1181312                    /usr/lib/x86_64-linux-gnu/libstdc++.so.6.0.17
7f2f86ab1000-7f2f86ab3000 rw-p 000f0000 08:03 1181312                    /usr/lib/x86_64-linux-gnu/libstdc++.so.6.0.17
7f2f86ab3000-7f2f86ac8000 rw-p 00000000 00:00 0 
7f2f86ac8000-7f2f874b9000 r-xp 00000000 08:03 1703737                    /usr/lib/jvm/java-6-openjdk-amd64/jre/lib/amd64/server/libjvm.so
7f2f874b9000-7f2f876b8000 ---p 009f1000 08:03 1703737                    /usr/lib/jvm/java-6-openjdk-amd64/jre/lib/amd64/server/libjvm.so
7f2f876b8000-7f2f87759000 rw-p 009f0000 08:03 1703737                    /usr/lib/jvm/java-6-openjdk-amd64/jre/lib/amd64/server/libjvm.so
7f2f87759000-7f2f87784000 rw-p 00000000 00:00 0 
7f2f87784000-7f2f87906000 r-xp 00000000 08:03 1319005                    /lib/x86_64-linux-gnu/libc-2.13.so
7f2f87906000-7f2f87b06000 ---p 00182000 08:03 1319005                    /lib/x86_64-linux-gnu/libc-2.13.so
7f2f87b06000-7f2f87b0a000 r--p 00182000 08:03 1319005                    /lib/x86_64-linux-gnu/libc-2.13.so
7f2f87b0a000-7f2f87b0b000 rw-p 00186000 08:03 1319005                    /lib/x86_64-linux-gnu/libc-2.13.so
7f2f87b0b000-7f2f87b10000 rw-p 00000000 00:00 0 
7f2f87b10000-7f2f87b12000 r-xp 00000000 08:03 1319009                    /lib/x86_64-linux-gnu/libdl-2.13.so
7f2f87b12000-7f2f87d12000 ---p 00002000 08:03 1319009                    /lib/x86_64-linux-gnu/libdl-2.13.so
7f2f87d12000-7f2f87d13000 r--p 00002000 08:03 1319009                    /lib/x86_64-linux-gnu/libdl-2.13.so
7f2f87d13000-7f2f87d14000 rw-p 00003000 08:03 1319009                    /lib/x86_64-linux-gnu/libdl-2.13.so
7f2f87d14000-7f2f87d18000 r-xp 00000000 08:03 1703722                    /usr/lib/jvm/java-6-openjdk-amd64/jre/lib/amd64/jli/libjli.so
7f2f87d18000-7f2f87f17000 ---p 00004000 08:03 1703722                    /usr/lib/jvm/java-6-openjdk-amd64/jre/lib/amd64/jli/libjli.so
7f2f87f17000-7f2f87f18000 rw-p 00003000 08:03 1703722                    /usr/lib/jvm/java-6-openjdk-amd64/jre/lib/amd64/jli/libjli.so
7f2f87f18000-7f2f87f2f000 r-xp 00000000 08:03 1319001                    /lib/x86_64-linux-gnu/libpthread-2.13.so
7f2f87f2f000-7f2f8812e000 ---p 00017000 08:03 1319001                    /lib/x86_64-linux-gnu/libpthread-2.13.so
7f2f8812e000-7f2f8812f000 r--p 00016000 08:03 1319001                    /lib/x86_64-linux-gnu/libpthread-2.13.so
7f2f8812f000-7f2f88130000 rw-p 00017000 08:03 1319001                    /lib/x86_64-linux-gnu/libpthread-2.13.so
7f2f88130000-7f2f88134000 rw-p 00000000 00:00 0 
7f2f88134000-7f2f8814a000 r-xp 00000000 08:03 1308250                    /lib/x86_64-linux-gnu/libz.so.1.2.7
7f2f8814a000-7f2f88349000 ---p 00016000 08:03 1308250                    /lib/x86_64-linux-gnu/libz.so.1.2.7
7f2f88349000-7f2f8834a000 r--p 00015000 08:03 1308250                    /lib/x86_64-linux-gnu/libz.so.1.2.7
7f2f8834a000-7f2f8834b000 rw-p 00016000 08:03 1308250                    /lib/x86_64-linux-gnu/libz.so.1.2.7
7f2f8834b000-7f2f8836b000 r-xp 00000000 08:03 1319002                    /lib/x86_64-linux-gnu/ld-2.13.so
7f2f8838a000-7f2f88394000 rw-p 00000000 00:00 0 
7f2f88394000-7f2f8844a000 rw-p 00000000 00:00 0 
7f2f8844a000-7f2f8844d000 ---p 00000000 00:00 0 
7f2f8844d000-7f2f88550000 rw-p 00000000 00:00 0 
7f2f8855d000-7f2f8855e000 rw-p 00000000 00:00 0 
7f2f8855e000-7f2f88566000 rw-s 00000000 08:03 1456515                    /tmp/hsperfdata_wolodija/5094
7f2f88566000-7f2f88567000 rw-p 00000000 00:00 0 
7f2f88567000-7f2f88568000 r--p 00000000 00:00 0 
7f2f88568000-7f2f8856a000 rw-p 00000000 00:00 0 
7f2f8856a000-7f2f8856b000 r--p 0001f000 08:03 1319002                    /lib/x86_64-linux-gnu/ld-2.13.so
7f2f8856b000-7f2f8856c000 rw-p 00020000 08:03 1319002                    /lib/x86_64-linux-gnu/ld-2.13.so
7f2f8856c000-7f2f8856d000 rw-p 00000000 00:00 0 
7fffbd039000-7fffbd05a000 rw-p 00000000 00:00 0                          [stack]
7fffbd1f7000-7fffbd1f8000 r-xp 00000000 00:00 0                          [vdso]
ffffffffff600000-ffffffffff601000 r-xp 00000000 00:00 0                  [vsyscall]

VM Arguments:
jvm_args: -Dfile.encoding=UTF-8 -Xbootclasspath:/mnt/soft/wolodija/adt-bundle-linux-x86_64-20140702/sdk/platforms/android-20/android.jar 
java_command: org.java_websocket.util.Charsetfunctions
Launcher Type: SUN_STANDARD

Environment Variables:
PATH=/usr/local/bin:/usr/bin:/bin:/usr/local/games:/usr/games
LD_LIBRARY_PATH=/usr/lib/jvm/java-6-openjdk-amd64/jre/lib/amd64/server:/usr/lib/jvm/java-6-openjdk-amd64/jre/lib/amd64:/usr/lib/jvm/java-6-openjdk-amd64/jre/../lib/amd64
SHELL=/bin/bash
DISPLAY=:0

Signal Handlers:
SIGSEGV: [libjvm.so+0x84e8b0], sa_mask[0]=0x7ffbfeff, sa_flags=0x10000004
SIGBUS: [libjvm.so+0x84e8b0], sa_mask[0]=0x7ffbfeff, sa_flags=0x10000004
SIGFPE: [libjvm.so+0x6f1af0], sa_mask[0]=0x7ffbfeff, sa_flags=0x10000004
SIGPIPE: [libjvm.so+0x6f1af0], sa_mask[0]=0x7ffbfeff, sa_flags=0x10000004
SIGXFSZ: [libjvm.so+0x6f1af0], sa_mask[0]=0x7ffbfeff, sa_flags=0x10000004
SIGILL: [libjvm.so+0x6f1af0], sa_mask[0]=0x7ffbfeff, sa_flags=0x10000004
SIGUSR1: SIG_DFL, sa_mask[0]=0x00000000, sa_flags=0x00000000
SIGUSR2: [libjvm.so+0x6f1ea0], sa_mask[0]=0x00000004, sa_flags=0x10000004
SIGHUP: SIG_DFL, sa_mask[0]=0x00000000, sa_flags=0x00000000
SIGINT: SIG_DFL, sa_mask[0]=0x00000000, sa_flags=0x00000000
SIGTERM: SIG_DFL, sa_mask[0]=0x00000000, sa_flags=0x00000000
SIGQUIT: SIG_DFL, sa_mask[0]=0x00000000, sa_flags=0x00000000


---------------  S Y S T E M  ---------------

OS:7.6

uname:Linux 3.2.0-4-amd64 #1 SMP Debian 3.2.60-1+deb7u3 x86_64
libc:glibc 2.13 NPTL 2.13 
rlimit: STACK 8192k, CORE 0k, NPROC 59732, NOFILE 4096, AS infinity
load average:1.20 1.49 0.72

/proc/meminfo:
MemTotal:        7658880 kB
MemFree:         5089192 kB
Buffers:          114228 kB
Cached:           932804 kB
SwapCached:            0 kB
Active:          1563480 kB
Inactive:         747136 kB
Active(anon):    1264112 kB
Inactive(anon):    22700 kB
Active(file):     299368 kB
Inactive(file):   724436 kB
Unevictable:           0 kB
Mlocked:               0 kB
SwapTotal:       9764860 kB
SwapFree:        9764860 kB
Dirty:               348 kB
Writeback:             0 kB
AnonPages:       1263816 kB
Mapped:           215612 kB
Shmem:             23412 kB
Slab:             172824 kB
SReclaimable:     132036 kB
SUnreclaim:        40788 kB
KernelStack:        3552 kB
PageTables:        35216 kB
NFS_Unstable:          0 kB
Bounce:                0 kB
WritebackTmp:          0 kB
CommitLimit:    13594300 kB
Committed_AS:    3865100 kB
VmallocTotal:   34359738367 kB
VmallocUsed:      306696 kB
VmallocChunk:   34359428264 kB
HardwareCorrupted:     0 kB
AnonHugePages:         0 kB
HugePages_Total:       0
HugePages_Free:        0
HugePages_Rsvd:        0
HugePages_Surp:        0
Hugepagesize:       2048 kB
DirectMap4k:       68604 kB
DirectMap2M:     3584000 kB
DirectMap1G:     4194304 kB


CPU:total 4 (4 cores per cpu, 1 threads per core) family 18 model 1 stepping 0, cmov, cx8, fxsr, mmx, sse, sse2, sse3, popcnt, mmxext, 3dnowpref, lzcnt, sse4a, tsc, tscinvbit, tscinv

/proc/cpuinfo:
processor	: 0
vendor_id	: AuthenticAMD
cpu family	: 18
model		: 1
model name	: AMD A6-3420M APU with Radeon(tm) HD Graphics
stepping	: 0
microcode	: 0x3000027
cpu MHz		: 1100.000
cache size	: 1024 KB
physical id	: 0
siblings	: 4
core id		: 0
cpu cores	: 4
apicid		: 0
initial apicid	: 0
fpu		: yes
fpu_exception	: yes
cpuid level	: 6
wp		: yes
flags		: fpu vme de pse tsc msr pae mce cx8 apic sep mtrr pge mca cmov pat pse36 clflush mmx fxsr sse sse2 ht syscall nx mmxext fxsr_opt pdpe1gb rdtscp lm 3dnowext 3dnow constant_tsc rep_good nopl nonstop_tsc extd_apicid aperfmperf pni monitor cx16 popcnt lahf_lm cmp_legacy svm extapic cr8_legacy abm sse4a misalignsse 3dnowprefetch osvw ibs skinit wdt arat cpb hw_pstate npt lbrv svm_lock nrip_save pausefilter
bogomips	: 2994.76
TLB size	: 1536 4K pages
clflush size	: 64
cache_alignment	: 64
address sizes	: 40 bits physical, 48 bits virtual
power management: ts ttp tm stc 100mhzsteps hwpstate [9]

processor	: 1
vendor_id	: AuthenticAMD
cpu family	: 18
model		: 1
model name	: AMD A6-3420M APU with Radeon(tm) HD Graphics
stepping	: 0
microcode	: 0x3000027
cpu MHz		: 1500.000
cache size	: 1024 KB
physical id	: 0
siblings	: 4
core id		: 1
cpu cores	: 4
apicid		: 1
initial apicid	: 1
fpu		: yes
fpu_exception	: yes
cpuid level	: 6
wp		: yes
flags		: fpu vme de pse tsc msr pae mce cx8 apic sep mtrr pge mca cmov pat pse36 clflush mmx fxsr sse sse2 ht syscall nx mmxext fxsr_opt pdpe1gb rdtscp lm 3dnowext 3dnow constant_tsc rep_good nopl nonstop_tsc extd_apicid aperfmperf pni monitor cx16 popcnt lahf_lm cmp_legacy svm extapic cr8_legacy abm sse4a misalignsse 3dnowprefetch osvw ibs skinit wdt arat cpb hw_pstate npt lbrv svm_lock nrip_save pausefilter
bogomips	: 2994.51
TLB size	: 1536 4K pages
clflush size	: 64
cache_alignment	: 64
address sizes	: 40 bits physical, 48 bits virtual
power management: ts ttp tm stc 100mhzsteps hwpstate [9]

processor	: 2
vendor_id	: AuthenticAMD
cpu family	: 18
model		: 1
model name	: AMD A6-3420M APU with Radeon(tm) HD Graphics
stepping	: 0
microcode	: 0x3000027
cpu MHz		: 1500.000
cache size	: 1024 KB
physical id	: 0
siblings	: 4
core id		: 2
cpu cores	: 4
apicid		: 2
initial apicid	: 2
fpu		: yes
fpu_exception	: yes
cpuid level	: 6
wp		: yes
flags		: fpu vme de pse tsc msr pae mce cx8 apic sep mtrr pge mca cmov pat pse36 clflush mmx fxsr sse sse2 ht syscall nx mmxext fxsr_opt pdpe1gb rdtscp lm 3dnowext 3dnow constant_tsc rep_good nopl nonstop_tsc extd_apicid aperfmperf pni monitor cx16 popcnt lahf_lm cmp_legacy svm extapic cr8_legacy abm sse4a misalignsse 3dnowprefetch osvw ibs skinit wdt arat cpb hw_pstate npt lbrv svm_lock nrip_save pausefilter
bogomips	: 2994.53
TLB size	: 1536 4K pages
clflush size	: 64
cache_alignment	: 64
address sizes	: 40 bits physical, 48 bits virtual
power management: ts ttp tm stc 100mhzsteps hwpstate [9]

processor	: 3
vendor_id	: AuthenticAMD
cpu family	: 18
model		: 1
model name	: AMD A6-3420M APU with Radeon(tm) HD Graphics
stepping	: 0
microcode	: 0x3000027
cpu MHz		: 800.000
cache size	: 1024 KB
physical id	: 0
siblings	: 4
core id		: 3
cpu cores	: 4
apicid		: 3
initial apicid	: 3
fpu		: yes
fpu_exception	: yes
cpuid level	: 6
wp		: yes
flags		: fpu vme de pse tsc msr pae mce cx8 apic sep mtrr pge mca cmov pat pse36 clflush mmx fxsr sse sse2 ht syscall nx mmxext fxsr_opt pdpe1gb rdtscp lm 3dnowext 3dnow constant_tsc rep_good nopl nonstop_tsc extd_apicid aperfmperf pni monitor cx16 popcnt lahf_lm cmp_legacy svm extapic cr8_legacy abm sse4a misalignsse 3dnowprefetch osvw ibs skinit wdt arat cpb hw_pstate npt lbrv svm_lock nrip_save pausefilter
bogomips	: 2994.53
TLB size	: 1536 4K pages
clflush size	: 64
cache_alignment	: 64
address sizes	: 40 bits physical, 48 bits virtual
power management: ts ttp tm stc 100mhzsteps hwpstate [9]



Memory: 4k page, physical 7658880k(5089192k free), swap 9764860k(9764860k free)

vm_info: OpenJDK 64-Bit Server VM (23.25-b01) for linux-amd64 JRE (1.6.0_32-b32), built on Jul 17 2014 11:23:55 by "buildd" with gcc 4.7.2

time: Sat Oct 25 17:24:52 2014
elapsed time: 0 seconds

