#
# A fatal error has been detected by the Java Runtime Environment:
#
#  Internal Error (javaClasses.cpp:129), pid=5242, tid=140139063777024
#  fatal error: Invalid layout of preloaded class
#
# JRE version: 6.0_32-b32
# Java VM: OpenJDK 64-Bit Server VM (23.25-b01 mixed mode linux-amd64 compressed oops)
# Failed to write core dump. Core dumps have been disabled. To enable core dumping, try "ulimit -c unlimited" before starting Java again
#
# If you would like to submit a bug report, please include
# instructions how to reproduce the bug and visit:
#   http://icedtea.classpath.org/bugzilla
#

---------------  T H R E A D  ---------------

Current thread (0x0000000001b43800):  JavaThread "Unknown thread" [_thread_in_vm, id=5243, stack(0x00007f74ab0d9000,0x00007f74ab1da000)]

Stack: [0x00007f74ab0d9000,0x00007f74ab1da000],  sp=0x00007f74ab1d8a00,  free space=1022k
Native frames: (J=compiled Java code, j=interpreted, Vv=VM code, C=native code)
V  [libjvm.so+0x84ddeb]  VMError::report_and_die()+0x16b
V  [libjvm.so+0x3ebe37]  report_fatal(char const*, int, char const*)+0x57
V  [libjvm.so+0x527ada]  compute_offset(int&, klassOopDesc*, Symbol*, Symbol*, bool) [clone .constprop.123]+0x11a
V  [libjvm.so+0x527d46]  java_lang_String::compute_offsets()+0x36
V  [libjvm.so+0x7db74d]  SystemDictionary::initialize_preloaded_classes(Thread*)+0x3d
V  [libjvm.so+0x827748]  Universe::genesis(Thread*)+0x468
V  [libjvm.so+0x827bff]  universe2_init()+0x1f
V  [libjvm.so+0x4dcb6a]  init_globals()+0x9a
V  [libjvm.so+0x80ba1c]  Threads::create_vm(JavaVMInitArgs*, bool*)+0x39c
V  [libjvm.so+0x544478]  JNI_CreateJavaVM+0x58
C  [java+0x351d]  JavaMain+0x7d


---------------  P R O C E S S  ---------------

Java Threads: ( => current thread )

Other Threads:

=>0x0000000001b43800 (exited) JavaThread "Unknown thread" [_thread_in_vm, id=5243, stack(0x00007f74ab0d9000,0x00007f74ab1da000)]

VM state:not at safepoint (not fully initialized)

VM Mutex/Monitor currently owned by a thread: None

GC Heap History (0 events):
No events

Deoptimization events (0 events):
No events

Internal exceptions (0 events):
No events

Events (10 events):
Event: 0.020 loading class 0x0000000001b655b0 done
Event: 0.021 loading class 0x0000000001b64e50 done
Event: 0.021 loading class 0x0000000001b64e20
Event: 0.021 loading class 0x0000000001bad4b0
Event: 0.021 loading class 0x0000000001bad4b0 done
Event: 0.021 loading class 0x0000000001bad4f0
Event: 0.022 loading class 0x0000000001bad4f0 done
Event: 0.022 loading class 0x0000000001bad530
Event: 0.022 loading class 0x0000000001bad530 done
Event: 0.022 loading class 0x0000000001b64e20 done


Dynamic libraries:
00400000-00409000 r-xp 00000000 08:03 1703749                            /usr/lib/jvm/java-6-openjdk-amd64/jre/bin/java
00608000-00609000 rw-p 00008000 08:03 1703749                            /usr/lib/jvm/java-6-openjdk-amd64/jre/bin/java
01b37000-01bbd000 rw-p 00000000 00:00 0                                  [heap]
80c00000-820c0000 rw-p 00000000 00:00 0 
820c0000-8b200000 rw-p 00000000 00:00 0 
8b200000-8fff0000 rw-p 00000000 00:00 0 
8fff0000-d90b0000 rw-p 00000000 00:00 0 
d90b0000-db7a0000 rw-p 00000000 00:00 0 
db7a0000-100000000 rw-p 00000000 00:00 0 
7f7498000000-7f7498021000 rw-p 00000000 00:00 0 
7f7498021000-7f749c000000 ---p 00000000 00:00 0 
7f749f1da000-7f749f3e7000 rw-p 00000000 00:00 0 
7f749f3e7000-7f749f4bf000 r--s 0137c000 08:09 967669                     /mnt/soft/wolodija/adt-bundle-linux-x86_64-20140702/sdk/platforms/android-20/android.jar
7f749f4bf000-7f74a446f000 rw-p 00000000 00:00 0 
7f74a446f000-7f74a4470000 ---p 00000000 00:00 0 
7f74a4470000-7f74a4570000 rw-p 00000000 00:00 0 
7f74a4570000-7f74a4571000 ---p 00000000 00:00 0 
7f74a4571000-7f74a4671000 rw-p 00000000 00:00 0 
7f74a4671000-7f74a4672000 ---p 00000000 00:00 0 
7f74a4672000-7f74a4772000 rw-p 00000000 00:00 0 
7f74a4772000-7f74a4773000 ---p 00000000 00:00 0 
7f74a4773000-7f74a487e000 rw-p 00000000 00:00 0 
7f74a487e000-7f74a48c6000 rw-p 00000000 00:00 0 
7f74a48c6000-7f74a48ed000 rw-p 00000000 00:00 0 
7f74a48ed000-7f74a4b36000 rw-p 00000000 00:00 0 
7f74a4b36000-7f74a4b41000 rw-p 00000000 00:00 0 
7f74a4b41000-7f74a4b89000 rw-p 00000000 00:00 0 
7f74a4b89000-7f74a4bb0000 rw-p 00000000 00:00 0 
7f74a4bb0000-7f74a4df8000 rw-p 00000000 00:00 0 
7f74a4df8000-7f74a4e0c000 rw-p 00000000 00:00 0 
7f74a4e0c000-7f74a4f30000 rw-p 00000000 00:00 0 
7f74a4f30000-7f74a4f31000 rw-p 00000000 00:00 0 
7f74a4f31000-7f74a51a1000 rwxp 00000000 00:00 0 
7f74a51a1000-7f74a7f31000 rw-p 00000000 00:00 0 
7f74a7f31000-7f74a7f38000 r-xp 00000000 08:03 1703717                    /usr/lib/jvm/java-6-openjdk-amd64/jre/lib/amd64/libzip.so
7f74a7f38000-7f74a8137000 ---p 00007000 08:03 1703717                    /usr/lib/jvm/java-6-openjdk-amd64/jre/lib/amd64/libzip.so
7f74a8137000-7f74a8138000 rw-p 00006000 08:03 1703717                    /usr/lib/jvm/java-6-openjdk-amd64/jre/lib/amd64/libzip.so
7f74a8138000-7f74a8143000 r-xp 00000000 08:03 1319015                    /lib/x86_64-linux-gnu/libnss_files-2.13.so
7f74a8143000-7f74a8342000 ---p 0000b000 08:03 1319015                    /lib/x86_64-linux-gnu/libnss_files-2.13.so
7f74a8342000-7f74a8343000 r--p 0000a000 08:03 1319015                    /lib/x86_64-linux-gnu/libnss_files-2.13.so
7f74a8343000-7f74a8344000 rw-p 0000b000 08:03 1319015                    /lib/x86_64-linux-gnu/libnss_files-2.13.so
7f74a8344000-7f74a834e000 r-xp 00000000 08:03 1319017                    /lib/x86_64-linux-gnu/libnss_nis-2.13.so
7f74a834e000-7f74a854d000 ---p 0000a000 08:03 1319017                    /lib/x86_64-linux-gnu/libnss_nis-2.13.so
7f74a854d000-7f74a854e000 r--p 00009000 08:03 1319017                    /lib/x86_64-linux-gnu/libnss_nis-2.13.so
7f74a854e000-7f74a854f000 rw-p 0000a000 08:03 1319017                    /lib/x86_64-linux-gnu/libnss_nis-2.13.so
7f74a854f000-7f74a8556000 r-xp 00000000 08:03 1319013                    /lib/x86_64-linux-gnu/libnss_compat-2.13.so
7f74a8556000-7f74a8755000 ---p 00007000 08:03 1319013                    /lib/x86_64-linux-gnu/libnss_compat-2.13.so
7f74a8755000-7f74a8756000 r--p 00006000 08:03 1319013                    /lib/x86_64-linux-gnu/libnss_compat-2.13.so
7f74a8756000-7f74a8757000 rw-p 00007000 08:03 1319013                    /lib/x86_64-linux-gnu/libnss_compat-2.13.so
7f74a8757000-7f74a876c000 r-xp 00000000 08:03 1319012                    /lib/x86_64-linux-gnu/libnsl-2.13.so
7f74a876c000-7f74a896b000 ---p 00015000 08:03 1319012                    /lib/x86_64-linux-gnu/libnsl-2.13.so
7f74a896b000-7f74a896c000 r--p 00014000 08:03 1319012                    /lib/x86_64-linux-gnu/libnsl-2.13.so
7f74a896c000-7f74a896d000 rw-p 00015000 08:03 1319012                    /lib/x86_64-linux-gnu/libnsl-2.13.so
7f74a896d000-7f74a896f000 rw-p 00000000 00:00 0 
7f74a896f000-7f74a899d000 r-xp 00000000 08:03 1703733                    /usr/lib/jvm/java-6-openjdk-amd64/jre/lib/amd64/libjava.so
7f74a899d000-7f74a8b9c000 ---p 0002e000 08:03 1703733                    /usr/lib/jvm/java-6-openjdk-amd64/jre/lib/amd64/libjava.so
7f74a8b9c000-7f74a8ba0000 rw-p 0002d000 08:03 1703733                    /usr/lib/jvm/java-6-openjdk-amd64/jre/lib/amd64/libjava.so
7f74a8ba0000-7f74a8baf000 r-xp 00000000 08:03 1703738                    /usr/lib/jvm/java-6-openjdk-amd64/jre/lib/amd64/libverify.so
7f74a8baf000-7f74a8dae000 ---p 0000f000 08:03 1703738                    /usr/lib/jvm/java-6-openjdk-amd64/jre/lib/amd64/libverify.so
7f74a8dae000-7f74a8db0000 rw-p 0000e000 08:03 1703738                    /usr/lib/jvm/java-6-openjdk-amd64/jre/lib/amd64/libverify.so
7f74a8db0000-7f74a8db7000 r-xp 00000000 08:03 1319025                    /lib/x86_64-linux-gnu/librt-2.13.so
7f74a8db7000-7f74a8fb6000 ---p 00007000 08:03 1319025                    /lib/x86_64-linux-gnu/librt-2.13.so
7f74a8fb6000-7f74a8fb7000 r--p 00006000 08:03 1319025                    /lib/x86_64-linux-gnu/librt-2.13.so
7f74a8fb7000-7f74a8fb8000 rw-p 00007000 08:03 1319025                    /lib/x86_64-linux-gnu/librt-2.13.so
7f74a8fb8000-7f74a8fcd000 r-xp 00000000 08:03 1308179                    /lib/x86_64-linux-gnu/libgcc_s.so.1
7f74a8fcd000-7f74a91cd000 ---p 00015000 08:03 1308179                    /lib/x86_64-linux-gnu/libgcc_s.so.1
7f74a91cd000-7f74a91ce000 rw-p 00015000 08:03 1308179                    /lib/x86_64-linux-gnu/libgcc_s.so.1
7f74a91ce000-7f74a924f000 r-xp 00000000 08:03 1319010                    /lib/x86_64-linux-gnu/libm-2.13.so
7f74a924f000-7f74a944e000 ---p 00081000 08:03 1319010                    /lib/x86_64-linux-gnu/libm-2.13.so
7f74a944e000-7f74a944f000 r--p 00080000 08:03 1319010                    /lib/x86_64-linux-gnu/libm-2.13.so
7f74a944f000-7f74a9450000 rw-p 00081000 08:03 1319010                    /lib/x86_64-linux-gnu/libm-2.13.so
7f74a9450000-7f74a9538000 r-xp 00000000 08:03 1181312                    /usr/lib/x86_64-linux-gnu/libstdc++.so.6.0.17
7f74a9538000-7f74a9738000 ---p 000e8000 08:03 1181312                    /usr/lib/x86_64-linux-gnu/libstdc++.so.6.0.17
7f74a9738000-7f74a9740000 r--p 000e8000 08:03 1181312                    /usr/lib/x86_64-linux-gnu/libstdc++.so.6.0.17
7f74a9740000-7f74a9742000 rw-p 000f0000 08:03 1181312                    /usr/lib/x86_64-linux-gnu/libstdc++.so.6.0.17
7f74a9742000-7f74a9757000 rw-p 00000000 00:00 0 
7f74a9757000-7f74aa148000 r-xp 00000000 08:03 1703737                    /usr/lib/jvm/java-6-openjdk-amd64/jre/lib/amd64/server/libjvm.so
7f74aa148000-7f74aa347000 ---p 009f1000 08:03 1703737                    /usr/lib/jvm/java-6-openjdk-amd64/jre/lib/amd64/server/libjvm.so
7f74aa347000-7f74aa3e8000 rw-p 009f0000 08:03 1703737                    /usr/lib/jvm/java-6-openjdk-amd64/jre/lib/amd64/server/libjvm.so
7f74aa3e8000-7f74aa413000 rw-p 00000000 00:00 0 
7f74aa413000-7f74aa595000 r-xp 00000000 08:03 1319005                    /lib/x86_64-linux-gnu/libc-2.13.so
7f74aa595000-7f74aa795000 ---p 00182000 08:03 1319005                    /lib/x86_64-linux-gnu/libc-2.13.so
7f74aa795000-7f74aa799000 r--p 00182000 08:03 1319005                    /lib/x86_64-linux-gnu/libc-2.13.so
7f74aa799000-7f74aa79a000 rw-p 00186000 08:03 1319005                    /lib/x86_64-linux-gnu/libc-2.13.so
7f74aa79a000-7f74aa79f000 rw-p 00000000 00:00 0 
7f74aa79f000-7f74aa7a1000 r-xp 00000000 08:03 1319009                    /lib/x86_64-linux-gnu/libdl-2.13.so
7f74aa7a1000-7f74aa9a1000 ---p 00002000 08:03 1319009                    /lib/x86_64-linux-gnu/libdl-2.13.so
7f74aa9a1000-7f74aa9a2000 r--p 00002000 08:03 1319009                    /lib/x86_64-linux-gnu/libdl-2.13.so
7f74aa9a2000-7f74aa9a3000 rw-p 00003000 08:03 1319009                    /lib/x86_64-linux-gnu/libdl-2.13.so
7f74aa9a3000-7f74aa9a7000 r-xp 00000000 08:03 1703722                    /usr/lib/jvm/java-6-openjdk-amd64/jre/lib/amd64/jli/libjli.so
7f74aa9a7000-7f74aaba6000 ---p 00004000 08:03 1703722                    /usr/lib/jvm/java-6-openjdk-amd64/jre/lib/amd64/jli/libjli.so
7f74aaba6000-7f74aaba7000 rw-p 00003000 08:03 1703722                    /usr/lib/jvm/java-6-openjdk-amd64/jre/lib/amd64/jli/libjli.so
7f74aaba7000-7f74aabbe000 r-xp 00000000 08:03 1319001                    /lib/x86_64-linux-gnu/libpthread-2.13.so
7f74aabbe000-7f74aadbd000 ---p 00017000 08:03 1319001                    /lib/x86_64-linux-gnu/libpthread-2.13.so
7f74aadbd000-7f74aadbe000 r--p 00016000 08:03 1319001                    /lib/x86_64-linux-gnu/libpthread-2.13.so
7f74aadbe000-7f74aadbf000 rw-p 00017000 08:03 1319001                    /lib/x86_64-linux-gnu/libpthread-2.13.so
7f74aadbf000-7f74aadc3000 rw-p 00000000 00:00 0 
7f74aadc3000-7f74aadd9000 r-xp 00000000 08:03 1308250                    /lib/x86_64-linux-gnu/libz.so.1.2.7
7f74aadd9000-7f74aafd8000 ---p 00016000 08:03 1308250                    /lib/x86_64-linux-gnu/libz.so.1.2.7
7f74aafd8000-7f74aafd9000 r--p 00015000 08:03 1308250                    /lib/x86_64-linux-gnu/libz.so.1.2.7
7f74aafd9000-7f74aafda000 rw-p 00016000 08:03 1308250                    /lib/x86_64-linux-gnu/libz.so.1.2.7
7f74aafda000-7f74aaffa000 r-xp 00000000 08:03 1319002                    /lib/x86_64-linux-gnu/ld-2.13.so
7f74ab019000-7f74ab023000 rw-p 00000000 00:00 0 
7f74ab023000-7f74ab0d9000 rw-p 00000000 00:00 0 
7f74ab0d9000-7f74ab0dc000 ---p 00000000 00:00 0 
7f74ab0dc000-7f74ab1df000 rw-p 00000000 00:00 0 
7f74ab1ec000-7f74ab1ed000 rw-p 00000000 00:00 0 
7f74ab1ed000-7f74ab1f5000 rw-s 00000000 08:03 1457609                    /tmp/hsperfdata_wolodija/5242
7f74ab1f5000-7f74ab1f6000 rw-p 00000000 00:00 0 
7f74ab1f6000-7f74ab1f7000 r--p 00000000 00:00 0 
7f74ab1f7000-7f74ab1f9000 rw-p 00000000 00:00 0 
7f74ab1f9000-7f74ab1fa000 r--p 0001f000 08:03 1319002                    /lib/x86_64-linux-gnu/ld-2.13.so
7f74ab1fa000-7f74ab1fb000 rw-p 00020000 08:03 1319002                    /lib/x86_64-linux-gnu/ld-2.13.so
7f74ab1fb000-7f74ab1fc000 rw-p 00000000 00:00 0 
7fffe97a9000-7fffe97ca000 rw-p 00000000 00:00 0                          [stack]
7fffe97ff000-7fffe9800000 r-xp 00000000 00:00 0                          [vdso]
ffffffffff600000-ffffffffff601000 r-xp 00000000 00:00 0                  [vsyscall]

VM Arguments:
jvm_args: -Dfile.encoding=UTF-8 -Xbootclasspath:/mnt/soft/wolodija/adt-bundle-linux-x86_64-20140702/sdk/platforms/android-20/android.jar 
java_command: org.java_websocket.util.Charsetfunctions
Launcher Type: SUN_STANDARD

Environment Variables:
PATH=/usr/local/bin:/usr/bin:/bin:/usr/local/games:/usr/games
LD_LIBRARY_PATH=/usr/lib/jvm/java-6-openjdk-amd64/jre/lib/amd64/server:/usr/lib/jvm/java-6-openjdk-amd64/jre/lib/amd64:/usr/lib/jvm/java-6-openjdk-amd64/jre/../lib/amd64
SHELL=/bin/bash
DISPLAY=:0

Signal Handlers:
SIGSEGV: [libjvm.so+0x84e8b0], sa_mask[0]=0x7ffbfeff, sa_flags=0x10000004
SIGBUS: [libjvm.so+0x84e8b0], sa_mask[0]=0x7ffbfeff, sa_flags=0x10000004
SIGFPE: [libjvm.so+0x6f1af0], sa_mask[0]=0x7ffbfeff, sa_flags=0x10000004
SIGPIPE: [libjvm.so+0x6f1af0], sa_mask[0]=0x7ffbfeff, sa_flags=0x10000004
SIGXFSZ: [libjvm.so+0x6f1af0], sa_mask[0]=0x7ffbfeff, sa_flags=0x10000004
SIGILL: [libjvm.so+0x6f1af0], sa_mask[0]=0x7ffbfeff, sa_flags=0x10000004
SIGUSR1: SIG_DFL, sa_mask[0]=0x00000000, sa_flags=0x00000000
SIGUSR2: [libjvm.so+0x6f1ea0], sa_mask[0]=0x00000004, sa_flags=0x10000004
SIGHUP: SIG_DFL, sa_mask[0]=0x00000000, sa_flags=0x00000000
SIGINT: SIG_DFL, sa_mask[0]=0x00000000, sa_flags=0x00000000
SIGTERM: SIG_DFL, sa_mask[0]=0x00000000, sa_flags=0x00000000
SIGQUIT: SIG_DFL, sa_mask[0]=0x00000000, sa_flags=0x00000000


---------------  S Y S T E M  ---------------

OS:7.6

uname:Linux 3.2.0-4-amd64 #1 SMP Debian 3.2.60-1+deb7u3 x86_64
libc:glibc 2.13 NPTL 2.13 
rlimit: STACK 8192k, CORE 0k, NPROC 59732, NOFILE 4096, AS infinity
load average:1.79 0.93 0.68

/proc/meminfo:
MemTotal:        7658880 kB
MemFree:          137940 kB
Buffers:         1400748 kB
Cached:          3464420 kB
SwapCached:          300 kB
Active:          3861484 kB
Inactive:        3092128 kB
Active(anon):    1799420 kB
Inactive(anon):   327176 kB
Active(file):    2062064 kB
Inactive(file):  2764952 kB
Unevictable:           0 kB
Mlocked:               0 kB
SwapTotal:       9764860 kB
SwapFree:        9760916 kB
Dirty:              1284 kB
Writeback:             0 kB
AnonPages:       2088396 kB
Mapped:           261548 kB
Shmem:             38000 kB
Slab:             396036 kB
SReclaimable:     336760 kB
SUnreclaim:        59276 kB
KernelStack:        3984 kB
PageTables:        44368 kB
NFS_Unstable:          0 kB
Bounce:                0 kB
WritebackTmp:          0 kB
CommitLimit:    13594300 kB
Committed_AS:    5088368 kB
VmallocTotal:   34359738367 kB
VmallocUsed:      306784 kB
VmallocChunk:   34359427752 kB
HardwareCorrupted:     0 kB
AnonHugePages:         0 kB
HugePages_Total:       0
HugePages_Free:        0
HugePages_Rsvd:        0
HugePages_Surp:        0
Hugepagesize:       2048 kB
DirectMap4k:     5934076 kB
DirectMap2M:     1912832 kB
DirectMap1G:           0 kB


CPU:total 4 (4 cores per cpu, 1 threads per core) family 18 model 1 stepping 0, cmov, cx8, fxsr, mmx, sse, sse2, sse3, popcnt, mmxext, 3dnowpref, lzcnt, sse4a, tsc, tscinvbit, tscinv

/proc/cpuinfo:
processor	: 0
vendor_id	: AuthenticAMD
cpu family	: 18
model		: 1
model name	: AMD A6-3420M APU with Radeon(tm) HD Graphics
stepping	: 0
microcode	: 0x3000027
cpu MHz		: 800.000
cache size	: 1024 KB
physical id	: 0
siblings	: 4
core id		: 0
cpu cores	: 4
apicid		: 0
initial apicid	: 0
fpu		: yes
fpu_exception	: yes
cpuid level	: 6
wp		: yes
flags		: fpu vme de pse tsc msr pae mce cx8 apic sep mtrr pge mca cmov pat pse36 clflush mmx fxsr sse sse2 ht syscall nx mmxext fxsr_opt pdpe1gb rdtscp lm 3dnowext 3dnow constant_tsc rep_good nopl nonstop_tsc extd_apicid aperfmperf pni monitor cx16 popcnt lahf_lm cmp_legacy svm extapic cr8_legacy abm sse4a misalignsse 3dnowprefetch osvw ibs skinit wdt arat cpb hw_pstate npt lbrv svm_lock nrip_save pausefilter
bogomips	: 2994.63
TLB size	: 1536 4K pages
clflush size	: 64
cache_alignment	: 64
address sizes	: 40 bits physical, 48 bits virtual
power management: ts ttp tm stc 100mhzsteps hwpstate [9]

processor	: 1
vendor_id	: AuthenticAMD
cpu family	: 18
model		: 1
model name	: AMD A6-3420M APU with Radeon(tm) HD Graphics
stepping	: 0
microcode	: 0x3000027
cpu MHz		: 800.000
cache size	: 1024 KB
physical id	: 0
siblings	: 4
core id		: 1
cpu cores	: 4
apicid		: 1
initial apicid	: 1
fpu		: yes
fpu_exception	: yes
cpuid level	: 6
wp		: yes
flags		: fpu vme de pse tsc msr pae mce cx8 apic sep mtrr pge mca cmov pat pse36 clflush mmx fxsr sse sse2 ht syscall nx mmxext fxsr_opt pdpe1gb rdtscp lm 3dnowext 3dnow constant_tsc rep_good nopl nonstop_tsc extd_apicid aperfmperf pni monitor cx16 popcnt lahf_lm cmp_legacy svm extapic cr8_legacy abm sse4a misalignsse 3dnowprefetch osvw ibs skinit wdt arat cpb hw_pstate npt lbrv svm_lock nrip_save pausefilter
bogomips	: 2994.46
TLB size	: 1536 4K pages
clflush size	: 64
cache_alignment	: 64
address sizes	: 40 bits physical, 48 bits virtual
power management: ts ttp tm stc 100mhzsteps hwpstate [9]

processor	: 2
vendor_id	: AuthenticAMD
cpu family	: 18
model		: 1
model name	: AMD A6-3420M APU with Radeon(tm) HD Graphics
stepping	: 0
microcode	: 0x3000027
cpu MHz		: 800.000
cache size	: 1024 KB
physical id	: 0
siblings	: 4
core id		: 2
cpu cores	: 4
apicid		: 2
initial apicid	: 2
fpu		: yes
fpu_exception	: yes
cpuid level	: 6
wp		: yes
flags		: fpu vme de pse tsc msr pae mce cx8 apic sep mtrr pge mca cmov pat pse36 clflush mmx fxsr sse sse2 ht syscall nx mmxext fxsr_opt pdpe1gb rdtscp lm 3dnowext 3dnow constant_tsc rep_good nopl nonstop_tsc extd_apicid aperfmperf pni monitor cx16 popcnt lahf_lm cmp_legacy svm extapic cr8_legacy abm sse4a misalignsse 3dnowprefetch osvw ibs skinit wdt arat cpb hw_pstate npt lbrv svm_lock nrip_save pausefilter
bogomips	: 2994.48
TLB size	: 1536 4K pages
clflush size	: 64
cache_alignment	: 64
address sizes	: 40 bits physical, 48 bits virtual
power management: ts ttp tm stc 100mhzsteps hwpstate [9]

processor	: 3
vendor_id	: AuthenticAMD
cpu family	: 18
model		: 1
model name	: AMD A6-3420M APU with Radeon(tm) HD Graphics
stepping	: 0
microcode	: 0x3000027
cpu MHz		: 800.000
cache size	: 1024 KB
physical id	: 0
siblings	: 4
core id		: 3
cpu cores	: 4
apicid		: 3
initial apicid	: 3
fpu		: yes
fpu_exception	: yes
cpuid level	: 6
wp		: yes
flags		: fpu vme de pse tsc msr pae mce cx8 apic sep mtrr pge mca cmov pat pse36 clflush mmx fxsr sse sse2 ht syscall nx mmxext fxsr_opt pdpe1gb rdtscp lm 3dnowext 3dnow constant_tsc rep_good nopl nonstop_tsc extd_apicid aperfmperf pni monitor cx16 popcnt lahf_lm cmp_legacy svm extapic cr8_legacy abm sse4a misalignsse 3dnowprefetch osvw ibs skinit wdt arat cpb hw_pstate npt lbrv svm_lock nrip_save pausefilter
bogomips	: 2994.46
TLB size	: 1536 4K pages
clflush size	: 64
cache_alignment	: 64
address sizes	: 40 bits physical, 48 bits virtual
power management: ts ttp tm stc 100mhzsteps hwpstate [9]



Memory: 4k page, physical 7658880k(137940k free), swap 9764860k(9760916k free)

vm_info: OpenJDK 64-Bit Server VM (23.25-b01) for linux-amd64 JRE (1.6.0_32-b32), built on Jul 17 2014 11:23:55 by "buildd" with gcc 4.7.2

time: Sat Oct 25 17:14:08 2014
elapsed time: 0 seconds

