#
# A fatal error has been detected by the Java Runtime Environment:
#
#  Internal Error (javaClasses.cpp:129), pid=5448, tid=140053065139968
#  fatal error: Invalid layout of preloaded class
#
# JRE version: 6.0_32-b32
# Java VM: OpenJDK 64-Bit Server VM (23.25-b01 mixed mode linux-amd64 compressed oops)
# Failed to write core dump. Core dumps have been disabled. To enable core dumping, try "ulimit -c unlimited" before starting Java again
#
# If you would like to submit a bug report, please include
# instructions how to reproduce the bug and visit:
#   http://icedtea.classpath.org/bugzilla
#

---------------  T H R E A D  ---------------

Current thread (0x0000000002114800):  JavaThread "Unknown thread" [_thread_in_vm, id=5453, stack(0x00007f60a5228000,0x00007f60a5329000)]

Stack: [0x00007f60a5228000,0x00007f60a5329000],  sp=0x00007f60a5327a00,  free space=1022k
Native frames: (J=compiled Java code, j=interpreted, Vv=VM code, C=native code)
V  [libjvm.so+0x84ddeb]  VMError::report_and_die()+0x16b
V  [libjvm.so+0x3ebe37]  report_fatal(char const*, int, char const*)+0x57
V  [libjvm.so+0x527ada]  compute_offset(int&, klassOopDesc*, Symbol*, Symbol*, bool) [clone .constprop.123]+0x11a
V  [libjvm.so+0x527d46]  java_lang_String::compute_offsets()+0x36
V  [libjvm.so+0x7db74d]  SystemDictionary::initialize_preloaded_classes(Thread*)+0x3d
V  [libjvm.so+0x827748]  Universe::genesis(Thread*)+0x468
V  [libjvm.so+0x827bff]  universe2_init()+0x1f
V  [libjvm.so+0x4dcb6a]  init_globals()+0x9a
V  [libjvm.so+0x80ba1c]  Threads::create_vm(JavaVMInitArgs*, bool*)+0x39c
V  [libjvm.so+0x544478]  JNI_CreateJavaVM+0x58
C  [java+0x351d]  JavaMain+0x7d


---------------  P R O C E S S  ---------------

Java Threads: ( => current thread )

Other Threads:

=>0x0000000002114800 (exited) JavaThread "Unknown thread" [_thread_in_vm, id=5453, stack(0x00007f60a5228000,0x00007f60a5329000)]

VM state:not at safepoint (not fully initialized)

VM Mutex/Monitor currently owned by a thread: None

GC Heap History (0 events):
No events

Deoptimization events (0 events):
No events

Internal exceptions (0 events):
No events

Events (10 events):
Event: 0.012 loading class 0x00000000021365b0 done
Event: 0.012 loading class 0x0000000002135e50 done
Event: 0.012 loading class 0x0000000002135e20
Event: 0.012 loading class 0x000000000217e4b0
Event: 0.012 loading class 0x000000000217e4b0 done
Event: 0.012 loading class 0x000000000217e4f0
Event: 0.012 loading class 0x000000000217e4f0 done
Event: 0.012 loading class 0x000000000217e530
Event: 0.012 loading class 0x000000000217e530 done
Event: 0.012 loading class 0x0000000002135e20 done


Dynamic libraries:
00400000-00409000 r-xp 00000000 08:03 1703749                            /usr/lib/jvm/java-6-openjdk-amd64/jre/bin/java
00608000-00609000 rw-p 00008000 08:03 1703749                            /usr/lib/jvm/java-6-openjdk-amd64/jre/bin/java
02108000-0218e000 rw-p 00000000 00:00 0                                  [heap]
80c00000-820c0000 rw-p 00000000 00:00 0 
820c0000-8b200000 rw-p 00000000 00:00 0 
8b200000-8fff0000 rw-p 00000000 00:00 0 
8fff0000-d90b0000 rw-p 00000000 00:00 0 
d90b0000-db7a0000 rw-p 00000000 00:00 0 
db7a0000-100000000 rw-p 00000000 00:00 0 
7f6094060000-7f6098000000 rw-p 00000000 00:00 0 
7f6098000000-7f6098021000 rw-p 00000000 00:00 0 
7f6098021000-7f609c000000 ---p 00000000 00:00 0 
7f609d2c9000-7f609d4d6000 rw-p 00000000 00:00 0 
7f609d4d6000-7f609d5ae000 r--s 0137c000 08:09 967669                     /mnt/soft/wolodija/adt-bundle-linux-x86_64-20140702/sdk/platforms/android-20/android.jar
7f609d5ae000-7f609e5be000 rw-p 00000000 00:00 0 
7f609e5be000-7f609e5bf000 ---p 00000000 00:00 0 
7f609e5bf000-7f609e6bf000 rw-p 00000000 00:00 0 
7f609e6bf000-7f609e6c0000 ---p 00000000 00:00 0 
7f609e6c0000-7f609e7c0000 rw-p 00000000 00:00 0 
7f609e7c0000-7f609e7c1000 ---p 00000000 00:00 0 
7f609e7c1000-7f609e8c1000 rw-p 00000000 00:00 0 
7f609e8c1000-7f609e8c2000 ---p 00000000 00:00 0 
7f609e8c2000-7f609e9cd000 rw-p 00000000 00:00 0 
7f609e9cd000-7f609ea15000 rw-p 00000000 00:00 0 
7f609ea15000-7f609ea3c000 rw-p 00000000 00:00 0 
7f609ea3c000-7f609ec85000 rw-p 00000000 00:00 0 
7f609ec85000-7f609ec90000 rw-p 00000000 00:00 0 
7f609ec90000-7f609ecd8000 rw-p 00000000 00:00 0 
7f609ecd8000-7f609ecff000 rw-p 00000000 00:00 0 
7f609ecff000-7f609ef47000 rw-p 00000000 00:00 0 
7f609ef47000-7f609ef5b000 rw-p 00000000 00:00 0 
7f609ef5b000-7f609f07f000 rw-p 00000000 00:00 0 
7f609f07f000-7f609f080000 rw-p 00000000 00:00 0 
7f609f080000-7f609f2f0000 rwxp 00000000 00:00 0 
7f609f2f0000-7f60a2080000 rw-p 00000000 00:00 0 
7f60a2080000-7f60a2087000 r-xp 00000000 08:03 1703717                    /usr/lib/jvm/java-6-openjdk-amd64/jre/lib/amd64/libzip.so
7f60a2087000-7f60a2286000 ---p 00007000 08:03 1703717                    /usr/lib/jvm/java-6-openjdk-amd64/jre/lib/amd64/libzip.so
7f60a2286000-7f60a2287000 rw-p 00006000 08:03 1703717                    /usr/lib/jvm/java-6-openjdk-amd64/jre/lib/amd64/libzip.so
7f60a2287000-7f60a2292000 r-xp 00000000 08:03 1319015                    /lib/x86_64-linux-gnu/libnss_files-2.13.so
7f60a2292000-7f60a2491000 ---p 0000b000 08:03 1319015                    /lib/x86_64-linux-gnu/libnss_files-2.13.so
7f60a2491000-7f60a2492000 r--p 0000a000 08:03 1319015                    /lib/x86_64-linux-gnu/libnss_files-2.13.so
7f60a2492000-7f60a2493000 rw-p 0000b000 08:03 1319015                    /lib/x86_64-linux-gnu/libnss_files-2.13.so
7f60a2493000-7f60a249d000 r-xp 00000000 08:03 1319017                    /lib/x86_64-linux-gnu/libnss_nis-2.13.so
7f60a249d000-7f60a269c000 ---p 0000a000 08:03 1319017                    /lib/x86_64-linux-gnu/libnss_nis-2.13.so
7f60a269c000-7f60a269d000 r--p 00009000 08:03 1319017                    /lib/x86_64-linux-gnu/libnss_nis-2.13.so
7f60a269d000-7f60a269e000 rw-p 0000a000 08:03 1319017                    /lib/x86_64-linux-gnu/libnss_nis-2.13.so
7f60a269e000-7f60a26a5000 r-xp 00000000 08:03 1319013                    /lib/x86_64-linux-gnu/libnss_compat-2.13.so
7f60a26a5000-7f60a28a4000 ---p 00007000 08:03 1319013                    /lib/x86_64-linux-gnu/libnss_compat-2.13.so
7f60a28a4000-7f60a28a5000 r--p 00006000 08:03 1319013                    /lib/x86_64-linux-gnu/libnss_compat-2.13.so
7f60a28a5000-7f60a28a6000 rw-p 00007000 08:03 1319013                    /lib/x86_64-linux-gnu/libnss_compat-2.13.so
7f60a28a6000-7f60a28bb000 r-xp 00000000 08:03 1319012                    /lib/x86_64-linux-gnu/libnsl-2.13.so
7f60a28bb000-7f60a2aba000 ---p 00015000 08:03 1319012                    /lib/x86_64-linux-gnu/libnsl-2.13.so
7f60a2aba000-7f60a2abb000 r--p 00014000 08:03 1319012                    /lib/x86_64-linux-gnu/libnsl-2.13.so
7f60a2abb000-7f60a2abc000 rw-p 00015000 08:03 1319012                    /lib/x86_64-linux-gnu/libnsl-2.13.so
7f60a2abc000-7f60a2abe000 rw-p 00000000 00:00 0 
7f60a2abe000-7f60a2aec000 r-xp 00000000 08:03 1703733                    /usr/lib/jvm/java-6-openjdk-amd64/jre/lib/amd64/libjava.so
7f60a2aec000-7f60a2ceb000 ---p 0002e000 08:03 1703733                    /usr/lib/jvm/java-6-openjdk-amd64/jre/lib/amd64/libjava.so
7f60a2ceb000-7f60a2cef000 rw-p 0002d000 08:03 1703733                    /usr/lib/jvm/java-6-openjdk-amd64/jre/lib/amd64/libjava.so
7f60a2cef000-7f60a2cfe000 r-xp 00000000 08:03 1703738                    /usr/lib/jvm/java-6-openjdk-amd64/jre/lib/amd64/libverify.so
7f60a2cfe000-7f60a2efd000 ---p 0000f000 08:03 1703738                    /usr/lib/jvm/java-6-openjdk-amd64/jre/lib/amd64/libverify.so
7f60a2efd000-7f60a2eff000 rw-p 0000e000 08:03 1703738                    /usr/lib/jvm/java-6-openjdk-amd64/jre/lib/amd64/libverify.so
7f60a2eff000-7f60a2f06000 r-xp 00000000 08:03 1319025                    /lib/x86_64-linux-gnu/librt-2.13.so
7f60a2f06000-7f60a3105000 ---p 00007000 08:03 1319025                    /lib/x86_64-linux-gnu/librt-2.13.so
7f60a3105000-7f60a3106000 r--p 00006000 08:03 1319025                    /lib/x86_64-linux-gnu/librt-2.13.so
7f60a3106000-7f60a3107000 rw-p 00007000 08:03 1319025                    /lib/x86_64-linux-gnu/librt-2.13.so
7f60a3107000-7f60a311c000 r-xp 00000000 08:03 1308179                    /lib/x86_64-linux-gnu/libgcc_s.so.1
7f60a311c000-7f60a331c000 ---p 00015000 08:03 1308179                    /lib/x86_64-linux-gnu/libgcc_s.so.1
7f60a331c000-7f60a331d000 rw-p 00015000 08:03 1308179                    /lib/x86_64-linux-gnu/libgcc_s.so.1
7f60a331d000-7f60a339e000 r-xp 00000000 08:03 1319010                    /lib/x86_64-linux-gnu/libm-2.13.so
7f60a339e000-7f60a359d000 ---p 00081000 08:03 1319010                    /lib/x86_64-linux-gnu/libm-2.13.so
7f60a359d000-7f60a359e000 r--p 00080000 08:03 1319010                    /lib/x86_64-linux-gnu/libm-2.13.so
7f60a359e000-7f60a359f000 rw-p 00081000 08:03 1319010                    /lib/x86_64-linux-gnu/libm-2.13.so
7f60a359f000-7f60a3687000 r-xp 00000000 08:03 1181312                    /usr/lib/x86_64-linux-gnu/libstdc++.so.6.0.17
7f60a3687000-7f60a3887000 ---p 000e8000 08:03 1181312                    /usr/lib/x86_64-linux-gnu/libstdc++.so.6.0.17
7f60a3887000-7f60a388f000 r--p 000e8000 08:03 1181312                    /usr/lib/x86_64-linux-gnu/libstdc++.so.6.0.17
7f60a388f000-7f60a3891000 rw-p 000f0000 08:03 1181312                    /usr/lib/x86_64-linux-gnu/libstdc++.so.6.0.17
7f60a3891000-7f60a38a6000 rw-p 00000000 00:00 0 
7f60a38a6000-7f60a4297000 r-xp 00000000 08:03 1703737                    /usr/lib/jvm/java-6-openjdk-amd64/jre/lib/amd64/server/libjvm.so
7f60a4297000-7f60a4496000 ---p 009f1000 08:03 1703737                    /usr/lib/jvm/java-6-openjdk-amd64/jre/lib/amd64/server/libjvm.so
7f60a4496000-7f60a4537000 rw-p 009f0000 08:03 1703737                    /usr/lib/jvm/java-6-openjdk-amd64/jre/lib/amd64/server/libjvm.so
7f60a4537000-7f60a4562000 rw-p 00000000 00:00 0 
7f60a4562000-7f60a46e4000 r-xp 00000000 08:03 1319005                    /lib/x86_64-linux-gnu/libc-2.13.so
7f60a46e4000-7f60a48e4000 ---p 00182000 08:03 1319005                    /lib/x86_64-linux-gnu/libc-2.13.so
7f60a48e4000-7f60a48e8000 r--p 00182000 08:03 1319005                    /lib/x86_64-linux-gnu/libc-2.13.so
7f60a48e8000-7f60a48e9000 rw-p 00186000 08:03 1319005                    /lib/x86_64-linux-gnu/libc-2.13.so
7f60a48e9000-7f60a48ee000 rw-p 00000000 00:00 0 
7f60a48ee000-7f60a48f0000 r-xp 00000000 08:03 1319009                    /lib/x86_64-linux-gnu/libdl-2.13.so
7f60a48f0000-7f60a4af0000 ---p 00002000 08:03 1319009                    /lib/x86_64-linux-gnu/libdl-2.13.so
7f60a4af0000-7f60a4af1000 r--p 00002000 08:03 1319009                    /lib/x86_64-linux-gnu/libdl-2.13.so
7f60a4af1000-7f60a4af2000 rw-p 00003000 08:03 1319009                    /lib/x86_64-linux-gnu/libdl-2.13.so
7f60a4af2000-7f60a4af6000 r-xp 00000000 08:03 1703722                    /usr/lib/jvm/java-6-openjdk-amd64/jre/lib/amd64/jli/libjli.so
7f60a4af6000-7f60a4cf5000 ---p 00004000 08:03 1703722                    /usr/lib/jvm/java-6-openjdk-amd64/jre/lib/amd64/jli/libjli.so
7f60a4cf5000-7f60a4cf6000 rw-p 00003000 08:03 1703722                    /usr/lib/jvm/java-6-openjdk-amd64/jre/lib/amd64/jli/libjli.so
7f60a4cf6000-7f60a4d0d000 r-xp 00000000 08:03 1319001                    /lib/x86_64-linux-gnu/libpthread-2.13.so
7f60a4d0d000-7f60a4f0c000 ---p 00017000 08:03 1319001                    /lib/x86_64-linux-gnu/libpthread-2.13.so
7f60a4f0c000-7f60a4f0d000 r--p 00016000 08:03 1319001                    /lib/x86_64-linux-gnu/libpthread-2.13.so
7f60a4f0d000-7f60a4f0e000 rw-p 00017000 08:03 1319001                    /lib/x86_64-linux-gnu/libpthread-2.13.so
7f60a4f0e000-7f60a4f12000 rw-p 00000000 00:00 0 
7f60a4f12000-7f60a4f28000 r-xp 00000000 08:03 1308250                    /lib/x86_64-linux-gnu/libz.so.1.2.7
7f60a4f28000-7f60a5127000 ---p 00016000 08:03 1308250                    /lib/x86_64-linux-gnu/libz.so.1.2.7
7f60a5127000-7f60a5128000 r--p 00015000 08:03 1308250                    /lib/x86_64-linux-gnu/libz.so.1.2.7
7f60a5128000-7f60a5129000 rw-p 00016000 08:03 1308250                    /lib/x86_64-linux-gnu/libz.so.1.2.7
7f60a5129000-7f60a5149000 r-xp 00000000 08:03 1319002                    /lib/x86_64-linux-gnu/ld-2.13.so
7f60a5168000-7f60a5172000 rw-p 00000000 00:00 0 
7f60a5172000-7f60a5228000 rw-p 00000000 00:00 0 
7f60a5228000-7f60a522b000 ---p 00000000 00:00 0 
7f60a522b000-7f60a532e000 rw-p 00000000 00:00 0 
7f60a533b000-7f60a533c000 rw-p 00000000 00:00 0 
7f60a533c000-7f60a5344000 rw-s 00000000 08:03 1457614                    /tmp/hsperfdata_wolodija/5448
7f60a5344000-7f60a5345000 rw-p 00000000 00:00 0 
7f60a5345000-7f60a5346000 r--p 00000000 00:00 0 
7f60a5346000-7f60a5348000 rw-p 00000000 00:00 0 
7f60a5348000-7f60a5349000 r--p 0001f000 08:03 1319002                    /lib/x86_64-linux-gnu/ld-2.13.so
7f60a5349000-7f60a534a000 rw-p 00020000 08:03 1319002                    /lib/x86_64-linux-gnu/ld-2.13.so
7f60a534a000-7f60a534b000 rw-p 00000000 00:00 0 
7fffc8216000-7fffc8237000 rw-p 00000000 00:00 0                          [stack]
7fffc8246000-7fffc8247000 r-xp 00000000 00:00 0                          [vdso]
ffffffffff600000-ffffffffff601000 r-xp 00000000 00:00 0                  [vsyscall]

VM Arguments:
jvm_args: -Dfile.encoding=UTF-8 -Xbootclasspath:/mnt/soft/wolodija/adt-bundle-linux-x86_64-20140702/sdk/platforms/android-20/android.jar 
java_command: org.java_websocket.util.Charsetfunctions
Launcher Type: SUN_STANDARD

Environment Variables:
PATH=/usr/local/bin:/usr/bin:/bin:/usr/local/games:/usr/games
LD_LIBRARY_PATH=/usr/lib/jvm/java-6-openjdk-amd64/jre/lib/amd64/server:/usr/lib/jvm/java-6-openjdk-amd64/jre/lib/amd64:/usr/lib/jvm/java-6-openjdk-amd64/jre/../lib/amd64
SHELL=/bin/bash
DISPLAY=:0

Signal Handlers:
SIGSEGV: [libjvm.so+0x84e8b0], sa_mask[0]=0x7ffbfeff, sa_flags=0x10000004
SIGBUS: [libjvm.so+0x84e8b0], sa_mask[0]=0x7ffbfeff, sa_flags=0x10000004
SIGFPE: [libjvm.so+0x6f1af0], sa_mask[0]=0x7ffbfeff, sa_flags=0x10000004
SIGPIPE: [libjvm.so+0x6f1af0], sa_mask[0]=0x7ffbfeff, sa_flags=0x10000004
SIGXFSZ: [libjvm.so+0x6f1af0], sa_mask[0]=0x7ffbfeff, sa_flags=0x10000004
SIGILL: [libjvm.so+0x6f1af0], sa_mask[0]=0x7ffbfeff, sa_flags=0x10000004
SIGUSR1: SIG_DFL, sa_mask[0]=0x00000000, sa_flags=0x00000000
SIGUSR2: [libjvm.so+0x6f1ea0], sa_mask[0]=0x00000004, sa_flags=0x10000004
SIGHUP: SIG_DFL, sa_mask[0]=0x00000000, sa_flags=0x00000000
SIGINT: SIG_DFL, sa_mask[0]=0x00000000, sa_flags=0x00000000
SIGTERM: SIG_DFL, sa_mask[0]=0x00000000, sa_flags=0x00000000
SIGQUIT: SIG_DFL, sa_mask[0]=0x00000000, sa_flags=0x00000000


---------------  S Y S T E M  ---------------

OS:7.6

uname:Linux 3.2.0-4-amd64 #1 SMP Debian 3.2.60-1+deb7u3 x86_64
libc:glibc 2.13 NPTL 2.13 
rlimit: STACK 8192k, CORE 0k, NPROC 59732, NOFILE 4096, AS infinity
load average:1.10 0.91 0.72

/proc/meminfo:
MemTotal:        7658880 kB
MemFree:          126852 kB
Buffers:         1391160 kB
Cached:          3369616 kB
SwapCached:          272 kB
Active:          3939044 kB
Inactive:        3021632 kB
Active(anon):    1901288 kB
Inactive(anon):   339260 kB
Active(file):    2037756 kB
Inactive(file):  2682372 kB
Unevictable:           0 kB
Mlocked:               0 kB
SwapTotal:       9764860 kB
SwapFree:        9760532 kB
Dirty:               508 kB
Writeback:             0 kB
AnonPages:       2199908 kB
Mapped:           276064 kB
Shmem:             40648 kB
Slab:             394704 kB
SReclaimable:     335240 kB
SUnreclaim:        59464 kB
KernelStack:        4104 kB
PageTables:        48520 kB
NFS_Unstable:          0 kB
Bounce:                0 kB
WritebackTmp:          0 kB
CommitLimit:    13594300 kB
Committed_AS:    5341824 kB
VmallocTotal:   34359738367 kB
VmallocUsed:      306784 kB
VmallocChunk:   34359427752 kB
HardwareCorrupted:     0 kB
AnonHugePages:         0 kB
HugePages_Total:       0
HugePages_Free:        0
HugePages_Rsvd:        0
HugePages_Surp:        0
Hugepagesize:       2048 kB
DirectMap4k:     5934076 kB
DirectMap2M:     1912832 kB
DirectMap1G:           0 kB


CPU:total 4 (4 cores per cpu, 1 threads per core) family 18 model 1 stepping 0, cmov, cx8, fxsr, mmx, sse, sse2, sse3, popcnt, mmxext, 3dnowpref, lzcnt, sse4a, tsc, tscinvbit, tscinv

/proc/cpuinfo:
processor	: 0
vendor_id	: AuthenticAMD
cpu family	: 18
model		: 1
model name	: AMD A6-3420M APU with Radeon(tm) HD Graphics
stepping	: 0
microcode	: 0x3000027
cpu MHz		: 800.000
cache size	: 1024 KB
physical id	: 0
siblings	: 4
core id		: 0
cpu cores	: 4
apicid		: 0
initial apicid	: 0
fpu		: yes
fpu_exception	: yes
cpuid level	: 6
wp		: yes
flags		: fpu vme de pse tsc msr pae mce cx8 apic sep mtrr pge mca cmov pat pse36 clflush mmx fxsr sse sse2 ht syscall nx mmxext fxsr_opt pdpe1gb rdtscp lm 3dnowext 3dnow constant_tsc rep_good nopl nonstop_tsc extd_apicid aperfmperf pni monitor cx16 popcnt lahf_lm cmp_legacy svm extapic cr8_legacy abm sse4a misalignsse 3dnowprefetch osvw ibs skinit wdt arat cpb hw_pstate npt lbrv svm_lock nrip_save pausefilter
bogomips	: 2994.63
TLB size	: 1536 4K pages
clflush size	: 64
cache_alignment	: 64
address sizes	: 40 bits physical, 48 bits virtual
power management: ts ttp tm stc 100mhzsteps hwpstate [9]

processor	: 1
vendor_id	: AuthenticAMD
cpu family	: 18
model		: 1
model name	: AMD A6-3420M APU with Radeon(tm) HD Graphics
stepping	: 0
microcode	: 0x3000027
cpu MHz		: 1500.000
cache size	: 1024 KB
physical id	: 0
siblings	: 4
core id		: 1
cpu cores	: 4
apicid		: 1
initial apicid	: 1
fpu		: yes
fpu_exception	: yes
cpuid level	: 6
wp		: yes
flags		: fpu vme de pse tsc msr pae mce cx8 apic sep mtrr pge mca cmov pat pse36 clflush mmx fxsr sse sse2 ht syscall nx mmxext fxsr_opt pdpe1gb rdtscp lm 3dnowext 3dnow constant_tsc rep_good nopl nonstop_tsc extd_apicid aperfmperf pni monitor cx16 popcnt lahf_lm cmp_legacy svm extapic cr8_legacy abm sse4a misalignsse 3dnowprefetch osvw ibs skinit wdt arat cpb hw_pstate npt lbrv svm_lock nrip_save pausefilter
bogomips	: 2994.46
TLB size	: 1536 4K pages
clflush size	: 64
cache_alignment	: 64
address sizes	: 40 bits physical, 48 bits virtual
power management: ts ttp tm stc 100mhzsteps hwpstate [9]

processor	: 2
vendor_id	: AuthenticAMD
cpu family	: 18
model		: 1
model name	: AMD A6-3420M APU with Radeon(tm) HD Graphics
stepping	: 0
microcode	: 0x3000027
cpu MHz		: 800.000
cache size	: 1024 KB
physical id	: 0
siblings	: 4
core id		: 2
cpu cores	: 4
apicid		: 2
initial apicid	: 2
fpu		: yes
fpu_exception	: yes
cpuid level	: 6
wp		: yes
flags		: fpu vme de pse tsc msr pae mce cx8 apic sep mtrr pge mca cmov pat pse36 clflush mmx fxsr sse sse2 ht syscall nx mmxext fxsr_opt pdpe1gb rdtscp lm 3dnowext 3dnow constant_tsc rep_good nopl nonstop_tsc extd_apicid aperfmperf pni monitor cx16 popcnt lahf_lm cmp_legacy svm extapic cr8_legacy abm sse4a misalignsse 3dnowprefetch osvw ibs skinit wdt arat cpb hw_pstate npt lbrv svm_lock nrip_save pausefilter
bogomips	: 2994.48
TLB size	: 1536 4K pages
clflush size	: 64
cache_alignment	: 64
address sizes	: 40 bits physical, 48 bits virtual
power management: ts ttp tm stc 100mhzsteps hwpstate [9]

processor	: 3
vendor_id	: AuthenticAMD
cpu family	: 18
model		: 1
model name	: AMD A6-3420M APU with Radeon(tm) HD Graphics
stepping	: 0
microcode	: 0x3000027
cpu MHz		: 1500.000
cache size	: 1024 KB
physical id	: 0
siblings	: 4
core id		: 3
cpu cores	: 4
apicid		: 3
initial apicid	: 3
fpu		: yes
fpu_exception	: yes
cpuid level	: 6
wp		: yes
flags		: fpu vme de pse tsc msr pae mce cx8 apic sep mtrr pge mca cmov pat pse36 clflush mmx fxsr sse sse2 ht syscall nx mmxext fxsr_opt pdpe1gb rdtscp lm 3dnowext 3dnow constant_tsc rep_good nopl nonstop_tsc extd_apicid aperfmperf pni monitor cx16 popcnt lahf_lm cmp_legacy svm extapic cr8_legacy abm sse4a misalignsse 3dnowprefetch osvw ibs skinit wdt arat cpb hw_pstate npt lbrv svm_lock nrip_save pausefilter
bogomips	: 2994.46
TLB size	: 1536 4K pages
clflush size	: 64
cache_alignment	: 64
address sizes	: 40 bits physical, 48 bits virtual
power management: ts ttp tm stc 100mhzsteps hwpstate [9]



Memory: 4k page, physical 7658880k(126852k free), swap 9764860k(9760532k free)

vm_info: OpenJDK 64-Bit Server VM (23.25-b01) for linux-amd64 JRE (1.6.0_32-b32), built on Jul 17 2014 11:23:55 by "buildd" with gcc 4.7.2

time: Sat Oct 25 17:17:30 2014
elapsed time: 0 seconds

