#
# A fatal error has been detected by the Java Runtime Environment:
#
#  Internal Error (javaClasses.cpp:129), pid=5107, tid=140701352941312
#  fatal error: Invalid layout of preloaded class
#
# JRE version: 6.0_32-b32
# Java VM: OpenJDK 64-Bit Server VM (23.25-b01 mixed mode linux-amd64 compressed oops)
# Failed to write core dump. Core dumps have been disabled. To enable core dumping, try "ulimit -c unlimited" before starting Java again
#
# If you would like to submit a bug report, please include
# instructions how to reproduce the bug and visit:
#   http://icedtea.classpath.org/bugzilla
#

---------------  T H R E A D  ---------------

Current thread (0x0000000001b59800):  JavaThread "Unknown thread" [_thread_in_vm, id=5109, stack(0x00007ff796195000,0x00007ff796296000)]

Stack: [0x00007ff796195000,0x00007ff796296000],  sp=0x00007ff796294a00,  free space=1022k
Native frames: (J=compiled Java code, j=interpreted, Vv=VM code, C=native code)
V  [libjvm.so+0x84ddeb]  VMError::report_and_die()+0x16b
V  [libjvm.so+0x3ebe37]  report_fatal(char const*, int, char const*)+0x57
V  [libjvm.so+0x527ada]  compute_offset(int&, klassOopDesc*, Symbol*, Symbol*, bool) [clone .constprop.123]+0x11a
V  [libjvm.so+0x527d46]  java_lang_String::compute_offsets()+0x36
V  [libjvm.so+0x7db74d]  SystemDictionary::initialize_preloaded_classes(Thread*)+0x3d
V  [libjvm.so+0x827748]  Universe::genesis(Thread*)+0x468
V  [libjvm.so+0x827bff]  universe2_init()+0x1f
V  [libjvm.so+0x4dcb6a]  init_globals()+0x9a
V  [libjvm.so+0x80ba1c]  Threads::create_vm(JavaVMInitArgs*, bool*)+0x39c
V  [libjvm.so+0x544478]  JNI_CreateJavaVM+0x58
C  [java+0x351d]  JavaMain+0x7d


---------------  P R O C E S S  ---------------

Java Threads: ( => current thread )

Other Threads:

=>0x0000000001b59800 (exited) JavaThread "Unknown thread" [_thread_in_vm, id=5109, stack(0x00007ff796195000,0x00007ff796296000)]

VM state:not at safepoint (not fully initialized)

VM Mutex/Monitor currently owned by a thread: None

GC Heap History (0 events):
No events

Deoptimization events (0 events):
No events

Internal exceptions (0 events):
No events

Events (10 events):
Event: 0.010 loading class 0x0000000001b7b5b0 done
Event: 0.011 loading class 0x0000000001b7ae50 done
Event: 0.011 loading class 0x0000000001b7ae20
Event: 0.011 loading class 0x0000000001bc34b0
Event: 0.011 loading class 0x0000000001bc34b0 done
Event: 0.011 loading class 0x0000000001bc34f0
Event: 0.011 loading class 0x0000000001bc34f0 done
Event: 0.011 loading class 0x0000000001bc3530
Event: 0.011 loading class 0x0000000001bc3530 done
Event: 0.011 loading class 0x0000000001b7ae20 done


Dynamic libraries:
00400000-00409000 r-xp 00000000 08:03 1703749                            /usr/lib/jvm/java-6-openjdk-amd64/jre/bin/java
00608000-00609000 rw-p 00008000 08:03 1703749                            /usr/lib/jvm/java-6-openjdk-amd64/jre/bin/java
01b4d000-01bd3000 rw-p 00000000 00:00 0                                  [heap]
80c00000-820c0000 rw-p 00000000 00:00 0 
820c0000-8b200000 rw-p 00000000 00:00 0 
8b200000-8fff0000 rw-p 00000000 00:00 0 
8fff0000-d90b0000 rw-p 00000000 00:00 0 
d90b0000-db7a0000 rw-p 00000000 00:00 0 
db7a0000-100000000 rw-p 00000000 00:00 0 
7ff78a296000-7ff78a4a3000 rw-p 00000000 00:00 0 
7ff78a4a3000-7ff78a57b000 r--s 0137c000 08:09 967669                     /mnt/soft/wolodija/adt-bundle-linux-x86_64-20140702/sdk/platforms/android-20/android.jar
7ff78a57b000-7ff78f52b000 rw-p 00000000 00:00 0 
7ff78f52b000-7ff78f52c000 ---p 00000000 00:00 0 
7ff78f52c000-7ff78f62c000 rw-p 00000000 00:00 0 
7ff78f62c000-7ff78f62d000 ---p 00000000 00:00 0 
7ff78f62d000-7ff78f72d000 rw-p 00000000 00:00 0 
7ff78f72d000-7ff78f72e000 ---p 00000000 00:00 0 
7ff78f72e000-7ff78f82e000 rw-p 00000000 00:00 0 
7ff78f82e000-7ff78f82f000 ---p 00000000 00:00 0 
7ff78f82f000-7ff78f93a000 rw-p 00000000 00:00 0 
7ff78f93a000-7ff78f982000 rw-p 00000000 00:00 0 
7ff78f982000-7ff78f9a9000 rw-p 00000000 00:00 0 
7ff78f9a9000-7ff78fbf2000 rw-p 00000000 00:00 0 
7ff78fbf2000-7ff78fbfd000 rw-p 00000000 00:00 0 
7ff78fbfd000-7ff78fc45000 rw-p 00000000 00:00 0 
7ff78fc45000-7ff78fc6c000 rw-p 00000000 00:00 0 
7ff78fc6c000-7ff78feb4000 rw-p 00000000 00:00 0 
7ff78feb4000-7ff78fec8000 rw-p 00000000 00:00 0 
7ff78fec8000-7ff78ffec000 rw-p 00000000 00:00 0 
7ff78ffec000-7ff78ffed000 rw-p 00000000 00:00 0 
7ff78ffed000-7ff79025d000 rwxp 00000000 00:00 0 
7ff79025d000-7ff792fed000 rw-p 00000000 00:00 0 
7ff792fed000-7ff792ff4000 r-xp 00000000 08:03 1703717                    /usr/lib/jvm/java-6-openjdk-amd64/jre/lib/amd64/libzip.so
7ff792ff4000-7ff7931f3000 ---p 00007000 08:03 1703717                    /usr/lib/jvm/java-6-openjdk-amd64/jre/lib/amd64/libzip.so
7ff7931f3000-7ff7931f4000 rw-p 00006000 08:03 1703717                    /usr/lib/jvm/java-6-openjdk-amd64/jre/lib/amd64/libzip.so
7ff7931f4000-7ff7931ff000 r-xp 00000000 08:03 1319015                    /lib/x86_64-linux-gnu/libnss_files-2.13.so
7ff7931ff000-7ff7933fe000 ---p 0000b000 08:03 1319015                    /lib/x86_64-linux-gnu/libnss_files-2.13.so
7ff7933fe000-7ff7933ff000 r--p 0000a000 08:03 1319015                    /lib/x86_64-linux-gnu/libnss_files-2.13.so
7ff7933ff000-7ff793400000 rw-p 0000b000 08:03 1319015                    /lib/x86_64-linux-gnu/libnss_files-2.13.so
7ff793400000-7ff79340a000 r-xp 00000000 08:03 1319017                    /lib/x86_64-linux-gnu/libnss_nis-2.13.so
7ff79340a000-7ff793609000 ---p 0000a000 08:03 1319017                    /lib/x86_64-linux-gnu/libnss_nis-2.13.so
7ff793609000-7ff79360a000 r--p 00009000 08:03 1319017                    /lib/x86_64-linux-gnu/libnss_nis-2.13.so
7ff79360a000-7ff79360b000 rw-p 0000a000 08:03 1319017                    /lib/x86_64-linux-gnu/libnss_nis-2.13.so
7ff79360b000-7ff793612000 r-xp 00000000 08:03 1319013                    /lib/x86_64-linux-gnu/libnss_compat-2.13.so
7ff793612000-7ff793811000 ---p 00007000 08:03 1319013                    /lib/x86_64-linux-gnu/libnss_compat-2.13.so
7ff793811000-7ff793812000 r--p 00006000 08:03 1319013                    /lib/x86_64-linux-gnu/libnss_compat-2.13.so
7ff793812000-7ff793813000 rw-p 00007000 08:03 1319013                    /lib/x86_64-linux-gnu/libnss_compat-2.13.so
7ff793813000-7ff793828000 r-xp 00000000 08:03 1319012                    /lib/x86_64-linux-gnu/libnsl-2.13.so
7ff793828000-7ff793a27000 ---p 00015000 08:03 1319012                    /lib/x86_64-linux-gnu/libnsl-2.13.so
7ff793a27000-7ff793a28000 r--p 00014000 08:03 1319012                    /lib/x86_64-linux-gnu/libnsl-2.13.so
7ff793a28000-7ff793a29000 rw-p 00015000 08:03 1319012                    /lib/x86_64-linux-gnu/libnsl-2.13.so
7ff793a29000-7ff793a2b000 rw-p 00000000 00:00 0 
7ff793a2b000-7ff793a59000 r-xp 00000000 08:03 1703733                    /usr/lib/jvm/java-6-openjdk-amd64/jre/lib/amd64/libjava.so
7ff793a59000-7ff793c58000 ---p 0002e000 08:03 1703733                    /usr/lib/jvm/java-6-openjdk-amd64/jre/lib/amd64/libjava.so
7ff793c58000-7ff793c5c000 rw-p 0002d000 08:03 1703733                    /usr/lib/jvm/java-6-openjdk-amd64/jre/lib/amd64/libjava.so
7ff793c5c000-7ff793c6b000 r-xp 00000000 08:03 1703738                    /usr/lib/jvm/java-6-openjdk-amd64/jre/lib/amd64/libverify.so
7ff793c6b000-7ff793e6a000 ---p 0000f000 08:03 1703738                    /usr/lib/jvm/java-6-openjdk-amd64/jre/lib/amd64/libverify.so
7ff793e6a000-7ff793e6c000 rw-p 0000e000 08:03 1703738                    /usr/lib/jvm/java-6-openjdk-amd64/jre/lib/amd64/libverify.so
7ff793e6c000-7ff793e73000 r-xp 00000000 08:03 1319025                    /lib/x86_64-linux-gnu/librt-2.13.so
7ff793e73000-7ff794072000 ---p 00007000 08:03 1319025                    /lib/x86_64-linux-gnu/librt-2.13.so
7ff794072000-7ff794073000 r--p 00006000 08:03 1319025                    /lib/x86_64-linux-gnu/librt-2.13.so
7ff794073000-7ff794074000 rw-p 00007000 08:03 1319025                    /lib/x86_64-linux-gnu/librt-2.13.so
7ff794074000-7ff794089000 r-xp 00000000 08:03 1308179                    /lib/x86_64-linux-gnu/libgcc_s.so.1
7ff794089000-7ff794289000 ---p 00015000 08:03 1308179                    /lib/x86_64-linux-gnu/libgcc_s.so.1
7ff794289000-7ff79428a000 rw-p 00015000 08:03 1308179                    /lib/x86_64-linux-gnu/libgcc_s.so.1
7ff79428a000-7ff79430b000 r-xp 00000000 08:03 1319010                    /lib/x86_64-linux-gnu/libm-2.13.so
7ff79430b000-7ff79450a000 ---p 00081000 08:03 1319010                    /lib/x86_64-linux-gnu/libm-2.13.so
7ff79450a000-7ff79450b000 r--p 00080000 08:03 1319010                    /lib/x86_64-linux-gnu/libm-2.13.so
7ff79450b000-7ff79450c000 rw-p 00081000 08:03 1319010                    /lib/x86_64-linux-gnu/libm-2.13.so
7ff79450c000-7ff7945f4000 r-xp 00000000 08:03 1181312                    /usr/lib/x86_64-linux-gnu/libstdc++.so.6.0.17
7ff7945f4000-7ff7947f4000 ---p 000e8000 08:03 1181312                    /usr/lib/x86_64-linux-gnu/libstdc++.so.6.0.17
7ff7947f4000-7ff7947fc000 r--p 000e8000 08:03 1181312                    /usr/lib/x86_64-linux-gnu/libstdc++.so.6.0.17
7ff7947fc000-7ff7947fe000 rw-p 000f0000 08:03 1181312                    /usr/lib/x86_64-linux-gnu/libstdc++.so.6.0.17
7ff7947fe000-7ff794813000 rw-p 00000000 00:00 0 
7ff794813000-7ff795204000 r-xp 00000000 08:03 1703737                    /usr/lib/jvm/java-6-openjdk-amd64/jre/lib/amd64/server/libjvm.so
7ff795204000-7ff795403000 ---p 009f1000 08:03 1703737                    /usr/lib/jvm/java-6-openjdk-amd64/jre/lib/amd64/server/libjvm.so
7ff795403000-7ff7954a4000 rw-p 009f0000 08:03 1703737                    /usr/lib/jvm/java-6-openjdk-amd64/jre/lib/amd64/server/libjvm.so
7ff7954a4000-7ff7954cf000 rw-p 00000000 00:00 0 
7ff7954cf000-7ff795651000 r-xp 00000000 08:03 1319005                    /lib/x86_64-linux-gnu/libc-2.13.so
7ff795651000-7ff795851000 ---p 00182000 08:03 1319005                    /lib/x86_64-linux-gnu/libc-2.13.so
7ff795851000-7ff795855000 r--p 00182000 08:03 1319005                    /lib/x86_64-linux-gnu/libc-2.13.so
7ff795855000-7ff795856000 rw-p 00186000 08:03 1319005                    /lib/x86_64-linux-gnu/libc-2.13.so
7ff795856000-7ff79585b000 rw-p 00000000 00:00 0 
7ff79585b000-7ff79585d000 r-xp 00000000 08:03 1319009                    /lib/x86_64-linux-gnu/libdl-2.13.so
7ff79585d000-7ff795a5d000 ---p 00002000 08:03 1319009                    /lib/x86_64-linux-gnu/libdl-2.13.so
7ff795a5d000-7ff795a5e000 r--p 00002000 08:03 1319009                    /lib/x86_64-linux-gnu/libdl-2.13.so
7ff795a5e000-7ff795a5f000 rw-p 00003000 08:03 1319009                    /lib/x86_64-linux-gnu/libdl-2.13.so
7ff795a5f000-7ff795a63000 r-xp 00000000 08:03 1703722                    /usr/lib/jvm/java-6-openjdk-amd64/jre/lib/amd64/jli/libjli.so
7ff795a63000-7ff795c62000 ---p 00004000 08:03 1703722                    /usr/lib/jvm/java-6-openjdk-amd64/jre/lib/amd64/jli/libjli.so
7ff795c62000-7ff795c63000 rw-p 00003000 08:03 1703722                    /usr/lib/jvm/java-6-openjdk-amd64/jre/lib/amd64/jli/libjli.so
7ff795c63000-7ff795c7a000 r-xp 00000000 08:03 1319001                    /lib/x86_64-linux-gnu/libpthread-2.13.so
7ff795c7a000-7ff795e79000 ---p 00017000 08:03 1319001                    /lib/x86_64-linux-gnu/libpthread-2.13.so
7ff795e79000-7ff795e7a000 r--p 00016000 08:03 1319001                    /lib/x86_64-linux-gnu/libpthread-2.13.so
7ff795e7a000-7ff795e7b000 rw-p 00017000 08:03 1319001                    /lib/x86_64-linux-gnu/libpthread-2.13.so
7ff795e7b000-7ff795e7f000 rw-p 00000000 00:00 0 
7ff795e7f000-7ff795e95000 r-xp 00000000 08:03 1308250                    /lib/x86_64-linux-gnu/libz.so.1.2.7
7ff795e95000-7ff796094000 ---p 00016000 08:03 1308250                    /lib/x86_64-linux-gnu/libz.so.1.2.7
7ff796094000-7ff796095000 r--p 00015000 08:03 1308250                    /lib/x86_64-linux-gnu/libz.so.1.2.7
7ff796095000-7ff796096000 rw-p 00016000 08:03 1308250                    /lib/x86_64-linux-gnu/libz.so.1.2.7
7ff796096000-7ff7960b6000 r-xp 00000000 08:03 1319002                    /lib/x86_64-linux-gnu/ld-2.13.so
7ff7960d5000-7ff7960df000 rw-p 00000000 00:00 0 
7ff7960df000-7ff796195000 rw-p 00000000 00:00 0 
7ff796195000-7ff796198000 ---p 00000000 00:00 0 
7ff796198000-7ff79629b000 rw-p 00000000 00:00 0 
7ff7962a8000-7ff7962a9000 rw-p 00000000 00:00 0 
7ff7962a9000-7ff7962b1000 rw-s 00000000 08:03 1456515                    /tmp/hsperfdata_wolodija/5107
7ff7962b1000-7ff7962b2000 rw-p 00000000 00:00 0 
7ff7962b2000-7ff7962b3000 r--p 00000000 00:00 0 
7ff7962b3000-7ff7962b5000 rw-p 00000000 00:00 0 
7ff7962b5000-7ff7962b6000 r--p 0001f000 08:03 1319002                    /lib/x86_64-linux-gnu/ld-2.13.so
7ff7962b6000-7ff7962b7000 rw-p 00020000 08:03 1319002                    /lib/x86_64-linux-gnu/ld-2.13.so
7ff7962b7000-7ff7962b8000 rw-p 00000000 00:00 0 
7fffd852a000-7fffd854b000 rw-p 00000000 00:00 0                          [stack]
7fffd85c9000-7fffd85ca000 r-xp 00000000 00:00 0                          [vdso]
ffffffffff600000-ffffffffff601000 r-xp 00000000 00:00 0                  [vsyscall]

VM Arguments:
jvm_args: -Dfile.encoding=UTF-8 -Xbootclasspath:/mnt/soft/wolodija/adt-bundle-linux-x86_64-20140702/sdk/platforms/android-20/android.jar 
java_command: org.java_websocket.util.Charsetfunctions
Launcher Type: SUN_STANDARD

Environment Variables:
PATH=/usr/local/bin:/usr/bin:/bin:/usr/local/games:/usr/games
LD_LIBRARY_PATH=/usr/lib/jvm/java-6-openjdk-amd64/jre/lib/amd64/server:/usr/lib/jvm/java-6-openjdk-amd64/jre/lib/amd64:/usr/lib/jvm/java-6-openjdk-amd64/jre/../lib/amd64
SHELL=/bin/bash
DISPLAY=:0

Signal Handlers:
SIGSEGV: [libjvm.so+0x84e8b0], sa_mask[0]=0x7ffbfeff, sa_flags=0x10000004
SIGBUS: [libjvm.so+0x84e8b0], sa_mask[0]=0x7ffbfeff, sa_flags=0x10000004
SIGFPE: [libjvm.so+0x6f1af0], sa_mask[0]=0x7ffbfeff, sa_flags=0x10000004
SIGPIPE: [libjvm.so+0x6f1af0], sa_mask[0]=0x7ffbfeff, sa_flags=0x10000004
SIGXFSZ: [libjvm.so+0x6f1af0], sa_mask[0]=0x7ffbfeff, sa_flags=0x10000004
SIGILL: [libjvm.so+0x6f1af0], sa_mask[0]=0x7ffbfeff, sa_flags=0x10000004
SIGUSR1: SIG_DFL, sa_mask[0]=0x00000000, sa_flags=0x00000000
SIGUSR2: [libjvm.so+0x6f1ea0], sa_mask[0]=0x00000004, sa_flags=0x10000004
SIGHUP: SIG_DFL, sa_mask[0]=0x00000000, sa_flags=0x00000000
SIGINT: SIG_DFL, sa_mask[0]=0x00000000, sa_flags=0x00000000
SIGTERM: SIG_DFL, sa_mask[0]=0x00000000, sa_flags=0x00000000
SIGQUIT: SIG_DFL, sa_mask[0]=0x00000000, sa_flags=0x00000000


---------------  S Y S T E M  ---------------

OS:7.6

uname:Linux 3.2.0-4-amd64 #1 SMP Debian 3.2.60-1+deb7u3 x86_64
libc:glibc 2.13 NPTL 2.13 
rlimit: STACK 8192k, CORE 0k, NPROC 59732, NOFILE 4096, AS infinity
load average:0.93 1.41 0.71

/proc/meminfo:
MemTotal:        7658880 kB
MemFree:         5098496 kB
Buffers:          114252 kB
Cached:           932848 kB
SwapCached:            0 kB
Active:          1559080 kB
Inactive:         743272 kB
Active(anon):    1255952 kB
Inactive(anon):    22700 kB
Active(file):     303128 kB
Inactive(file):   720572 kB
Unevictable:           0 kB
Mlocked:               0 kB
SwapTotal:       9764860 kB
SwapFree:        9764860 kB
Dirty:               180 kB
Writeback:             0 kB
AnonPages:       1255632 kB
Mapped:           215616 kB
Shmem:             23412 kB
Slab:             172504 kB
SReclaimable:     132000 kB
SUnreclaim:        40504 kB
KernelStack:        3512 kB
PageTables:        35456 kB
NFS_Unstable:          0 kB
Bounce:                0 kB
WritebackTmp:          0 kB
CommitLimit:    13594300 kB
Committed_AS:    3815908 kB
VmallocTotal:   34359738367 kB
VmallocUsed:      306696 kB
VmallocChunk:   34359428264 kB
HardwareCorrupted:     0 kB
AnonHugePages:         0 kB
HugePages_Total:       0
HugePages_Free:        0
HugePages_Rsvd:        0
HugePages_Surp:        0
Hugepagesize:       2048 kB
DirectMap4k:       68604 kB
DirectMap2M:     3584000 kB
DirectMap1G:     4194304 kB


CPU:total 4 (4 cores per cpu, 1 threads per core) family 18 model 1 stepping 0, cmov, cx8, fxsr, mmx, sse, sse2, sse3, popcnt, mmxext, 3dnowpref, lzcnt, sse4a, tsc, tscinvbit, tscinv

/proc/cpuinfo:
processor	: 0
vendor_id	: AuthenticAMD
cpu family	: 18
model		: 1
model name	: AMD A6-3420M APU with Radeon(tm) HD Graphics
stepping	: 0
microcode	: 0x3000027
cpu MHz		: 1500.000
cache size	: 1024 KB
physical id	: 0
siblings	: 4
core id		: 0
cpu cores	: 4
apicid		: 0
initial apicid	: 0
fpu		: yes
fpu_exception	: yes
cpuid level	: 6
wp		: yes
flags		: fpu vme de pse tsc msr pae mce cx8 apic sep mtrr pge mca cmov pat pse36 clflush mmx fxsr sse sse2 ht syscall nx mmxext fxsr_opt pdpe1gb rdtscp lm 3dnowext 3dnow constant_tsc rep_good nopl nonstop_tsc extd_apicid aperfmperf pni monitor cx16 popcnt lahf_lm cmp_legacy svm extapic cr8_legacy abm sse4a misalignsse 3dnowprefetch osvw ibs skinit wdt arat cpb hw_pstate npt lbrv svm_lock nrip_save pausefilter
bogomips	: 2994.76
TLB size	: 1536 4K pages
clflush size	: 64
cache_alignment	: 64
address sizes	: 40 bits physical, 48 bits virtual
power management: ts ttp tm stc 100mhzsteps hwpstate [9]

processor	: 1
vendor_id	: AuthenticAMD
cpu family	: 18
model		: 1
model name	: AMD A6-3420M APU with Radeon(tm) HD Graphics
stepping	: 0
microcode	: 0x3000027
cpu MHz		: 1500.000
cache size	: 1024 KB
physical id	: 0
siblings	: 4
core id		: 1
cpu cores	: 4
apicid		: 1
initial apicid	: 1
fpu		: yes
fpu_exception	: yes
cpuid level	: 6
wp		: yes
flags		: fpu vme de pse tsc msr pae mce cx8 apic sep mtrr pge mca cmov pat pse36 clflush mmx fxsr sse sse2 ht syscall nx mmxext fxsr_opt pdpe1gb rdtscp lm 3dnowext 3dnow constant_tsc rep_good nopl nonstop_tsc extd_apicid aperfmperf pni monitor cx16 popcnt lahf_lm cmp_legacy svm extapic cr8_legacy abm sse4a misalignsse 3dnowprefetch osvw ibs skinit wdt arat cpb hw_pstate npt lbrv svm_lock nrip_save pausefilter
bogomips	: 2994.51
TLB size	: 1536 4K pages
clflush size	: 64
cache_alignment	: 64
address sizes	: 40 bits physical, 48 bits virtual
power management: ts ttp tm stc 100mhzsteps hwpstate [9]

processor	: 2
vendor_id	: AuthenticAMD
cpu family	: 18
model		: 1
model name	: AMD A6-3420M APU with Radeon(tm) HD Graphics
stepping	: 0
microcode	: 0x3000027
cpu MHz		: 1500.000
cache size	: 1024 KB
physical id	: 0
siblings	: 4
core id		: 2
cpu cores	: 4
apicid		: 2
initial apicid	: 2
fpu		: yes
fpu_exception	: yes
cpuid level	: 6
wp		: yes
flags		: fpu vme de pse tsc msr pae mce cx8 apic sep mtrr pge mca cmov pat pse36 clflush mmx fxsr sse sse2 ht syscall nx mmxext fxsr_opt pdpe1gb rdtscp lm 3dnowext 3dnow constant_tsc rep_good nopl nonstop_tsc extd_apicid aperfmperf pni monitor cx16 popcnt lahf_lm cmp_legacy svm extapic cr8_legacy abm sse4a misalignsse 3dnowprefetch osvw ibs skinit wdt arat cpb hw_pstate npt lbrv svm_lock nrip_save pausefilter
bogomips	: 2994.53
TLB size	: 1536 4K pages
clflush size	: 64
cache_alignment	: 64
address sizes	: 40 bits physical, 48 bits virtual
power management: ts ttp tm stc 100mhzsteps hwpstate [9]

processor	: 3
vendor_id	: AuthenticAMD
cpu family	: 18
model		: 1
model name	: AMD A6-3420M APU with Radeon(tm) HD Graphics
stepping	: 0
microcode	: 0x3000027
cpu MHz		: 1500.000
cache size	: 1024 KB
physical id	: 0
siblings	: 4
core id		: 3
cpu cores	: 4
apicid		: 3
initial apicid	: 3
fpu		: yes
fpu_exception	: yes
cpuid level	: 6
wp		: yes
flags		: fpu vme de pse tsc msr pae mce cx8 apic sep mtrr pge mca cmov pat pse36 clflush mmx fxsr sse sse2 ht syscall nx mmxext fxsr_opt pdpe1gb rdtscp lm 3dnowext 3dnow constant_tsc rep_good nopl nonstop_tsc extd_apicid aperfmperf pni monitor cx16 popcnt lahf_lm cmp_legacy svm extapic cr8_legacy abm sse4a misalignsse 3dnowprefetch osvw ibs skinit wdt arat cpb hw_pstate npt lbrv svm_lock nrip_save pausefilter
bogomips	: 2994.53
TLB size	: 1536 4K pages
clflush size	: 64
cache_alignment	: 64
address sizes	: 40 bits physical, 48 bits virtual
power management: ts ttp tm stc 100mhzsteps hwpstate [9]



Memory: 4k page, physical 7658880k(5098496k free), swap 9764860k(9764860k free)

vm_info: OpenJDK 64-Bit Server VM (23.25-b01) for linux-amd64 JRE (1.6.0_32-b32), built on Jul 17 2014 11:23:55 by "buildd" with gcc 4.7.2

time: Sat Oct 25 17:25:11 2014
elapsed time: 0 seconds

